[ AutoCAD - Wed Jun 02 10:17:12 2021  ]----------------------------------------
Loading AEC Base...
Loading AEC Base Extended...
Loading AEC Core...
Loading AEC Project Base...
Loading AEC Architectural Base...
Loading AEC Schedule...

Loading Modeler DLLs.

Opening an AutoCAD 2018 format file.
Substituting [simplex.shx] for [Freehand575 BT].


AutoCAD menu utilities loaded.*Cancel*

Command: 

Autodesk DWG.  This file is a TrustedDWG last saved by an Autodesk application or Autodesk licensed application.

Command: 

Command: 
Command: 

Command: Specify opposite corner or [Fence/WPolygon/CPolygon]: *Cancel*

Command: Specify opposite corner or [Fence/WPolygon/CPolygon]: *Cancel*

Command: 

Command: 
Command: 
 
** STRETCH **
Specify stretch point or [Base point/Copy/Undo/eXit]: 
Checking 595 intersections... 
Command: *Cancel*

Window Lasso  Press Spacebar to cycle options
Command: *Cancel*

Window Lasso  Press Spacebar to cycle options
Command: *Cancel*

Window Lasso  Press Spacebar to cycle options
Command: 
Command: 
Command: _rotate 
Current positive angle in UCS:  ANGDIR=counterclockwise  ANGBASE=0.00
20 found

Specify base point: 
Specify rotation angle or [Copy/Reference] <0.00>: _u 
Requires valid numeric angle, second point, or option keyword.

Specify rotation angle or [Copy/Reference] <0.00>: 
Command: 
Command: *Cancel*

Window Lasso  Press Spacebar to cycle options
Window Lasso  Press Spacebar to cycle options
Window Lasso  Press Spacebar to cycle options
Command: TEXTED

Enter new value for TEXTED <2>: 

Command: Specify opposite corner or [Fence/WPolygon/CPolygon]: 
Command: 
TEXTED

Enter new value for TEXTED <2>: 

Window Lasso  Press Spacebar to cycle options
Command: Specify opposite corner or [Fence/WPolygon/CPolygon]: *Cancel*

Command: Specify opposite corner or [Fence/WPolygon/CPolygon]: 
Command: 
Command: 
Command: _move 2 found

Specify base point or [Displacement] <Displacement>: 
Too many objects selected for INTERSECT

Specify second point or <use first point as displacement>: *Cancel*

Command: ALIGN

Select objects: 1 found

Select objects: 

Specify first source point: 
Specify first destination point: 
Specify second source point: 

Command: ALIGN

Select objects: 1 found

Select objects: 

Specify first source point: 
Specify first destination point: 
Checking 820 intersections... 
Specify second source point: 

Command: ALIGN

Select objects: 1 found

Select objects: 

Specify first source point: 
Specify first destination point: 
Specify second source point: 

Command: 

Window Lasso  Press Spacebar to cycle options
Command: *Cancel*

Command: Specify opposite corner or [Fence/WPolygon/CPolygon]: 
Command:  
 
** STRETCH **
Specify stretch point or [Base point/Copy/Undo/eXit]: 
Command: _u '.ACGZDRAGACTION 
Command: Specify opposite corner or [Fence/WPolygon/CPolygon]: 
Command:  
 
** STRETCH **
Specify stretch point or [Base point/Copy/Undo/eXit]: 
Command: *Cancel*

Command: ALIGN

Select objects: 1 found

Select objects: 

Specify first source point: 
Checking 666 intersections... 
Specify first destination point: 
Too many objects selected for INTERSECT

Specify second source point: 

Command: _u GROUP 
Command: ALIGN

Select objects: 1 found

Select objects: 

Specify first source point: 
Specify first destination point: 
Specify second source point: 

Command: ALIGN

Select objects: 1 found

Select objects: 1 found, 2 total

Select objects: Specify opposite corner: 1 found, 3 total

Select objects: 1 found, 4 total

Select objects: 

Specify first source point: 
Specify first destination point: 
Specify second source point: 

Command: ALIGN

Select objects: 1 found

Select objects: 1 found (1 duplicate), 1 total

Select objects: 1 found, 2 total

Select objects: 1 found, 3 total

Select objects: 

Specify first source point: 
Checking 741 intersections... 
Specify first destination point: 
Specify second source point: 

Command: ALIGN

Select objects: 1 found

Select objects: 

Specify first source point: 
Specify first destination point: 
Specify second source point: 

Command: ALIGN

Select objects: 1 found

Select objects: 1 found, 2 total

Select objects: 1 found, 3 total

Select objects: 

Specify first source point: 
Specify first destination point: 
Specify second source point: 

Command: ALIGN

Select objects: 1 found

Select objects: 1 found, 2 total

Select objects: 1 found, 3 total

Select objects: 

Specify first source point: 
Specify first destination point: 
Checking 703 intersections... 
Specify second source point: 

Command:  
Enter new value for WSCURRENT <"3D Modeling">: 

Command: 
WSCURRENT

Enter new value for WSCURRENT <"Drafting & Annotation">: *Cancel*

Command: 
Command: 
Command: _mtext 
Current text style:  "A3NCAD Technic"  Text height:  3102.842  Annotative:  No
Specify first corner: 
Specify opposite corner or [Height/Justify/Line spacing/Rotation/Style/Width/Columns]: 

Command: 
Command: 
Command: _mtext 
Current text style:  "A3NCAD Technic"  Text height:  3102.842  Annotative:  No
Specify first corner: 
Specify opposite corner or [Height/Justify/Line spacing/Rotation/Style/Width/Columns]: 

Command: Specify opposite corner or [Fence/WPolygon/CPolygon]: 
Window Lasso  Press Spacebar to cycle options
Command: 
Command: 
Command: _rotate 
Current positive angle in UCS:  ANGDIR=counterclockwise  ANGBASE=0.00
1 found

Specify base point: 
Specify rotation angle or [Copy/Reference] <270.00>: 
Command: 
Command: 
Command: _stretch 
Select objects to stretch by crossing-window or crossing-polygon...
Select objects: *Cancel*

Command: 
Command: _scale 
Select objects: 1 found

Select objects: 

Specify base point: 
Specify scale factor or [Copy/Reference]: 
Command: Specify opposite corner or [Fence/WPolygon/CPolygon]: 
Command: 
Command: 
Command: _cutclip 1 found

Command:  
Command: Specify opposite corner or [Fence/WPolygon/CPolygon]: *Cancel*

Command: 
Command: _pasteclip Duplicate definition of block _DotSmall  ignored.
Duplicate definition of block _ArchTick  ignored.
Substituting [simplex.shx] for [Freehand575 BT].
Specify insertion point: 
Command: 
Command: 
Command: _scale 
Select objects: 1 found

Select objects: Specify opposite corner: 0 found
Select objects: 

Specify base point: 
Specify scale factor or [Copy/Reference]: 
Command: *Cancel*

Command: ALIGN

Select objects: 1 found

Select objects: 

Specify first source point: *Cancel*

Automatic save to C:\Users\gijsj\Documents\1_EAI\2_AutoCAD\Case_design_Gijs_Jackers_1_19424_9f92c8f2.sv$ ...

Command: 
Command: *Cancel*

Window Lasso  Press Spacebar to cycle options
Command: Specify opposite corner or [Fence/WPolygon/CPolygon]: 
Command: TEXTED

Enter new value for TEXTED <2>: 4

Requires an integer between 0 and 2.

Enter new value for TEXTED <2>: 1

Command: Specify opposite corner or [Fence/WPolygon/CPolygon]: 
Command: 
Command: Specify opposite corner or [Fence/WPolygon/CPolygon]: *Cancel*

Command: *Cancel*

Command:  
Enter new value for WSCURRENT <"Drafting & Annotation">: 

Command: 
WSCURRENT

Enter new value for WSCURRENT <"3D Modeling">: *Cancel*

Command: 
Command: Specify opposite corner or [Fence/WPolygon/CPolygon]: *Cancel*

Command: ALIGN

Specify first source point: 
Specify first destination point: *Cancel*

Command: ALIGN

Select objects: 1 found

Select objects: 

Specify first source point: 
Specify first destination point: *Cancel*

Command: TXTEXP

Initializing...
Select text to be EXPLODED: 
Select objects: 1 found

Select objects: 

Nested items = Off    Orphaned data = Off
1 text object(s) have been exploded to lines.
The line objects have been placed on layer 0.

Command: Specify opposite corner or [Fence/WPolygon/CPolygon]: *Cancel*

Command: 
Command: 
Command: _pasteclip Duplicate definition of block _DotSmall  ignored.
Duplicate definition of block _ArchTick  ignored.
Substituting [simplex.shx] for [Freehand575 BT].
Specify insertion point: 
Command: TXTEXP

Select text to be EXPLODED: 
Select objects: 1 found

Select objects: 

Nested items = Off    Orphaned data = Off
1 text object(s) have been exploded to lines.
The line objects have been placed on layer 0.
Command: *Cancel*

Command: _u INTELLIZOOM 
Command: _u GROUP (Lisp Expression) (Lisp Expression) (Lisp Expression) (Lisp Expression) (Lisp Expression) (Lisp Expression) (Lisp Expression) (Lisp Expression) 
Command:  
Enter new value for WSCURRENT <"3D Modeling">: 

Command: 
WSCURRENT

Enter new value for WSCURRENT <"Drafting & Annotation">: *Cancel*

Command: Specify opposite corner or [Fence/WPolygon/CPolygon]: *Cancel*

Command: TXTEXP

Select text to be EXPLODED: 
Select objects: 1 found

Select objects: 

Nested items = Off    Orphaned data = Off
1 text object(s) have been exploded to lines.
The line objects have been placed on layer 0.
Command: 
Press ESC or ENTER to exit, or right-click to display shortcut-menu.

Command: Specify opposite corner or [Fence/WPolygon/CPolygon]: 
Command: *Cancel*

Command: 
Press ESC or ENTER to exit, or right-click to display shortcut-menu.

Command:  
Command: Specify opposite corner or [Fence/WPolygon/CPolygon]: 
Command: 
Command: 
Command: _move 2 found

Specify base point or [Displacement] <Displacement>: 
Specify second point or <use first point as displacement>: 
Command: 
Command: 
Command: _move 
Select objects: Specify opposite corner: *Cancel*
0 found
Select objects: Specify opposite corner: 2 found

Select objects: *Cancel*

Command: 
Command: _move 
Select objects: 1 found

Select objects: 1 found, 2 total

Select objects: 

Specify base point or [Displacement] <Displacement>: 
Specify second point or <use first point as displacement>: 
Command: 

Command: 
Command: 
Command: _scale 
Select objects: Specify opposite corner: *Cancel*
0 found
Select objects: Specify opposite corner: *Cancel*
0 found
Select objects: 1 found

Select objects: 1 found, 2 total

Select objects: *Cancel*

Command: 
Command: *Cancel*

Command: 
Command: 
Command: _scale 
Select objects: 1 found

Select objects: 1 found, 2 total

Select objects: Specify opposite corner: 

Invalid window specification.
Specify opposite corner: Specify opposite corner: 

Invalid window specification.
Specify opposite corner: Specify opposite corner: *Cancel*
0 found
Select objects: 

Specify base point: 
Specify scale factor or [Copy/Reference]: 
Command:  
Enter new value for WSCURRENT <"Drafting & Annotation">: 

Command: 
WSCURRENT

Enter new value for WSCURRENT <"3D Modeling">: *Cancel*

Command: 
Command: 
Command: _extrude 
Current wire frame density:  ISOLINES=20, Closed profiles creation mode = Solid

Select objects to extrude or [MOde]: _MO Closed profiles creation mode [SOlid/SUrface] <Solid>: _SO

Select objects to extrude or [MOde]: 1 found

Select objects to extrude or [MOde]: 1 found, 2 total

Select objects to extrude or [MOde]: 

Cannot sweep or extrude a self-intersecting curve.
1 object removed from selection set.

Specify height of extrusion or [Direction/Path/Taper angle/Expression]: 

Command: *Cancel*

Command: _u INTELLIZOOM 
Command: _u EXTRUDE GROUP 
Command: 
Command: 
Command: _extrude 
Current wire frame density:  ISOLINES=20, Closed profiles creation mode = Solid

Select objects to extrude or [MOde]: _MO Closed profiles creation mode [SOlid/SUrface] <Solid>: _SO

Select objects to extrude or [MOde]: 1 found

Select objects to extrude or [MOde]: 1 found, 2 total

Select objects to extrude or [MOde]: 

Cannot sweep or extrude a self-intersecting curve.
1 object removed from selection set.

Specify height of extrusion or [Direction/Path/Taper angle/Expression] <2.140>: 

Command: 
EXTRUDE

Current wire frame density:  ISOLINES=20, Closed profiles creation mode = Solid

Select objects to extrude or [MOde]: *Cancel*

Command: ALIGN

Select objects: 1 found

Select objects: 1 found, 2 total

Select objects: 

Specify first source point: 
Checking 820 intersections... 
Specify first destination point: 
Specify second source point: 

Command: _u GROUP 
Command: 
Command: 
Command: _rotate 
Current positive angle in UCS:  ANGDIR=counterclockwise  ANGBASE=0.00

Select objects: 1 found

Select objects: 1 found, 2 total

Select objects: 

Specify base point: 
Specify rotation angle or [Copy/Reference] <90.00>: 
Command: _u ROTATE GROUP 
Command: 
Command: 
Command: _rotate 
Current positive angle in UCS:  ANGDIR=counterclockwise  ANGBASE=0.00

Select objects: 1 found

Select objects: 1 found, 2 total

Select objects: 

Specify base point: 
Specify rotation angle or [Copy/Reference] <90.00>: 
Command: 
Command: 
Command: _scale 
Select objects: 1 found

Select objects: 1 found, 2 total

Select objects: 

Specify base point: 
Specify scale factor or [Copy/Reference]: *Cancel*

Command: 
Command: 
Command: _scale 
Select objects: 1 found

Select objects: 1 found, 2 total

Select objects: 

Specify base point: 
*Cancel*

Command: 

Command: 
Command: Specify opposite corner or [Fence/WPolygon/CPolygon]: 
Command: 
Command: 
Command: _scale 1 found

Specify base point: 
Too many objects selected for INTERSECT

Specify scale factor or [Copy/Reference]: *Cancel*

Command: _u SCALE GROUP 
Command: _u INTELLIZOOM 
Command: _u 'PAN GROUP 
Command: _u SCALE GROUP 
Command: SCALE

Select objects: 1 found

Select objects: 1 found, 2 total

Select objects: 

Specify base point: 
Specify scale factor or [Copy/Reference]: 
Command: ALIGN

Select objects: 1 found

Select objects: 1 found, 2 total

Select objects: 

Specify first source point: 
Specify first destination point: 
Specify second source point: 

Command: *Cancel*

Command: 
Command: 
Command: _scale 
Select objects: 1 found

Select objects: 1 found, 2 total

Select objects: 1 found (1 duplicate), 2 total

Select objects: 1 found (1 duplicate), 2 total

Select objects: 

Specify base point: 
Specify scale factor or [Copy/Reference]: *Cancel*

Command: *Cancel*

Command: 
Command: *Cancel*

Command: 
Command: 
Command: _scale 
Select objects: 1 found

Select objects: 1 found, 2 total

Select objects: 

Specify base point: 
Too many objects selected for INTERSECT

Specify scale factor or [Copy/Reference]: *Cancel*

Automatic save to C:\Users\gijsj\Documents\1_EAI\2_AutoCAD\Case_design_Gijs_Jackers_1_19424_9f92c8f2.sv$ ...

Command: 
Command: 
Command: 
Command: _scale 
Select objects: 1 found

Select objects: *Cancel*

Command: 
Command: 
Command: _scale 
Select objects: *Cancel*

Command: 
Command: 
Command: _scale 
Select objects: 1 found

Select objects: 1 found, 2 total

Select objects: 1 found (1 duplicate), 2 total

Select objects: 1 found (1 duplicate), 2 total

Select objects: *Cancel*

Command: 
Command: 
Command: _scale 
Select objects: *Cancel*

Command: 
Command: 
Command: _scale 
Select objects: 1 found

Select objects: 1 found, 2 total

Select objects: 

Specify base point: 
Too many objects selected for INTERSECT

Specify scale factor or [Copy/Reference]: 
Extremely small scale factor ignored.
*Cancel*

Command: 
Command: 
Command: _scale 
Select objects: 1 found

Select objects: 1 found, 2 total

Select objects: 

Specify base point: 
Too many objects selected for INTERSECT

Specify scale factor or [Copy/Reference]: *Cancel*

Command: 
Command:  
 
** MOVE **
Specify move point or [Base point/Copy/Undo/eXit]: *Cancel*

Command:  
 
** MOVE **
Specify move point or [Base point/Copy/Undo/eXit]: 
Too many objects selected for INTERSECT

Command: 
SCALE
1 found

Specify base point: *Cancel*

Command: *Cancel*

Command: ALIGN

Select objects: 1 found

Select objects: 

Specify first source point: 
Checking 903 intersections... 
Specify first destination point: 
Checking 820 intersections... 
Specify second source point: 

Command: 
Command:  
 
** MOVE **
Specify move point or [Base point/Copy/Undo/eXit]: 
Too many objects selected for INTERSECT

Command: *Cancel*

Command: ALIGN

Select objects: 1 found

Select objects: 

Specify first source point: 
Checking 1176 intersections... 
Specify first destination point: 
Specify second source point: 

Command: 

Command: 
Command:  
 
** MOVE **
Specify move point or [Base point/Copy/Undo/eXit]: 
Too many objects selected for INTERSECT

Command: *Cancel*

Command: ALIGN

Select objects: 1 found

Select objects: 1 found, 2 total

Select objects: 1 found, 3 total

Select objects: 

Specify first source point: 
Specify first destination point: 
Specify second source point: 

Command: _u INTELLIZOOM INTELLIZOOM 
Command: _u GROUP 
Command: _u 
Command: _u '.ACGZDRAGACTION 
Command: 
Command: 
Command: *Cancel*

Command: 
Command: *Cancel*

Command: _u INTELLIZOOM INTELLIZOOM INTELLIZOOM 
Command: _u 'PAN GROUP 
Command: 

Command: 
Command: 
Command: 
Command: 
Command: *Cancel*

Command: 
Command:  
 
** MOVE **
Specify move point or [Base point/Copy/Undo/eXit]: 
Checking 946 intersections... 
Command: *Cancel*

Command: ALIGN

Select objects: 1 found

Select objects: 1 found, 2 total

Select objects: 

Specify first source point: 
Checking 1081 intersections... 
Specify first destination point: 
Specify second source point: 

Command: ALIGN

Select objects: *Cancel*

Command: 
Command: 
Command: *Cancel*

Command: 
Command: 
Command: 
Command: 


Command: 
Command:  
Command: _u DROPGEOM GROUP 
Command: 

Command: ALIGN

Select objects: 1 found

Select objects: 

Specify first source point: 
Specify first destination point: 
Checking 990 intersections... 
Specify second source point: 

Command: *Cancel*

Command: 
Command: 
Command: 
Command:  
 
** MOVE **
Specify move point or [Base point/Copy/Undo/eXit]: 
Too many objects selected for INTERSECT

Command: 
Command: *Cancel*

Command: 
Command: 
Command:  
 
** MOVE **
Specify move point or [Base point/Copy/Undo/eXit]: *Cancel*

Command: 
Command:  
 
** MOVE **
Specify move point or [Base point/Copy/Undo/eXit]: 
Too many objects selected for INTERSECT

Command: *Cancel*

Command: 
Command:  
 
** MOVE **
Specify move point or [Base point/Copy/Undo/eXit]: 
Too many objects selected for INTERSECT

Command:  
 
** MOVE **
Specify move point or [Base point/Copy/Undo/eXit]: 
Too many objects selected for INTERSECT

Command: *Cancel*

Command: 
Command: 
Command: 
Command: 
Command: 
Command: 
Command: 


Command: *Cancel*

Command: 
Command: 
Command: *Cancel*

Command: 
Command:  
 
** MOVE **
Specify move point or [Base point/Copy/Undo/eXit]: 
Too many objects selected for INTERSECT

Command: *Cancel*

Command: 
Command: 
Command: 
Command:  
 
** MOVE **
Specify move point or [Base point/Copy/Undo/eXit]: 
Too many objects selected for INTERSECT

Command: *Cancel*

Command: 
Command: 
Command: 
Command:  
 
** MOVE **
Specify move point or [Base point/Copy/Undo/eXit]: 
Too many objects selected for INTERSECT

Command: *Cancel*

Command: 

Command: 
Command: 
Command: 
Command: _scale 1 found

Specify base point: 
Specify scale factor or [Copy/Reference]: 
Value must be positive and nonzero.

Specify scale factor or [Copy/Reference]: *Cancel*

Command: 
Command: 
Command: _scale 
Select objects: 1 found

Select objects: 

Specify base point: 
Specify scale factor or [Copy/Reference]: *Cancel*

Automatic save to C:\Users\gijsj\Documents\1_EAI\2_AutoCAD\Case_design_Gijs_Jackers_1_19424_9f92c8f2.sv$ ...

Command: 
Command: 

Command: 
Command: _.erase 1 found

Command: 
Command: 
Command: _mtext 
Current text style:  "A3NCAD Technic"  Text height:  3102.842  Annotative:  No
Specify first corner: 
Too many objects selected for INTERSECT

Specify opposite corner or [Height/Justify/Line spacing/Rotation/Style/Width/Columns]: *Cancel*


Command: 
Command: *Cancel*

Command: 
Command: 
Command: _mtext 
Current text style:  "A3NCAD Technic"  Text height:  3102.842  Annotative:  No
Specify first corner: 
Too many objects selected for INTERSECT

Specify opposite corner or [Height/Justify/Line spacing/Rotation/Style/Width/Columns]: 

Command: 
Command: 
Command: 
Command: _justifytext 0 found

Select objects: 0 found, 0 total

Select objects: *Cancel*

Command: 
Command: _mtext 
Current text style:  "A3NCAD Technic"  Text height:  3102.842  Annotative:  No
Specify first corner: *Cancel*


Command: 
Command: _mtext 
Current text style:  "A3NCAD Technic"  Text height:  3102.842  Annotative:  No
Specify first corner: 
Too many objects selected for INTERSECT

Specify opposite corner or [Height/Justify/Line spacing/Rotation/Style/Width/Columns]: 
Too many objects selected for INTERSECT


Command:  
Command: 
Command: _.erase 1 found

Command: 
Command: *Cancel*

Command: 
Command: 
Command: _mtext 
Current text style:  "Technic"  Text height:  2.5  Annotative:  No
Specify first corner: 
Too many objects selected for INTERSECT

Specify opposite corner or [Height/Justify/Line spacing/Rotation/Style/Width/Columns]: *Cancel*


Command: 
Command: 
Command: _mtext 
Current text style:  "Technic"  Text height:  2.5  Annotative:  No
Specify first corner: 
Too many objects selected for INTERSECT

Specify opposite corner or [Height/Justify/Line spacing/Rotation/Style/Width/Columns]: 
Too many objects selected for INTERSECT


Command: 
Command: 
Command: 
Command: *Cancel*

Command: 
Press ESC or ENTER to exit, or right-click to display shortcut-menu.

Command: _u '3DORBIT GROUP 
Command: _u INTELLIZOOM INTELLIZOOM 
Command: _u MTEXT GROUP 
Command: _u MTEXT GROUP 
Command: _u INTELLIZOOM 
Command: _u 'TEXTSTYLE 
Command: _u 
Command: _u INTELLIZOOM INTELLIZOOM INTELLIZOOM 
Command: _u ERASE 
Command: _u INTELLIZOOM INTELLIZOOM 
Command: _u '.VIEWCUBEACTION 
Command: _u MTEXT GROUP 
Command: _u MTEXT GROUP 
Command: _u GROUP JUSTIFYTEXT 
Command: _u MTEXT GROUP 
Command: _u INTELLIZOOM 
Command: _u MTEXT GROUP 
Command: _u ERASE 
Command: 
Command: 
 
** STRETCH **
Specify stretch point or [Base point/Copy/Undo/eXit]: 
Command: *Cancel*

Command: 
Command: 
 
** STRETCH **
Specify stretch point or [Base point/Copy/Undo/eXit]: 
Command: *Cancel*

Command: _u 
Command: _u Grip Edit 
Command: 
Command: 
Command: _scale 
Select objects: 1 found

Select objects: 

Specify base point: 
Checking 666 intersections... 
Specify scale factor or [Copy/Reference]: *Cancel*

Command: 
Press ESC or ENTER to exit, or right-click to display shortcut-menu.

Command: al
ALIGN 
Select objects: 1 found

Select objects: 

Specify first source point: 
Checking 820 intersections... 
Specify first destination point: 
Specify second source point: 

Command: 
Press ESC or ENTER to exit, or right-click to display shortcut-menu.

Command: 
Command:  
 
** STRETCH **
Specify stretch point or [Base point/Copy/Undo/eXit]: *Cancel*

Command: *Cancel*

Command: ALIGN

Select objects: 1 found

Select objects: 

Specify first source point: 
Press ESC or ENTER to exit, or right-click to display shortcut-menu.

Resuming ALIGN command.

Specify first source point: 
Specify first destination point: 
Press ESC or ENTER to exit, or right-click to display shortcut-menu.

Resuming ALIGN command.

Specify first destination point: 
Specify second source point: 

Command: *Cancel*

Command: *Cancel*

Command: *Cancel*

Command: 
Command: 
Command: _extrude 
Current wire frame density:  ISOLINES=20, Closed profiles creation mode = Solid

Select objects to extrude or [MOde]: _MO Closed profiles creation mode [SOlid/SUrface] <Solid>: _SO

Select objects to extrude or [MOde]: 1 found

Select objects to extrude or [MOde]: *Cancel*

Command: 
Command: 
Command:  
Command: 
Command: 
Command: 
Command: *Cancel*

Command: 
Command: *Cancel*

Command: 
Command: 
Command: 
Command: _extrude 
Current wire frame density:  ISOLINES=20, Closed profiles creation mode = Solid
1 found
_MO Closed profiles creation mode [SOlid/SUrface] <Solid>: _SO

Cannot sweep or extrude a self-intersecting curve.
1 object removed from selection set.

Select objects to extrude or [MOde]: 1 found

Select objects to extrude or [MOde]: 

Cannot sweep or extrude a self-intersecting curve.
1 object removed from selection set.

Select objects to extrude or [MOde]: 0.5
1 found

Select objects to extrude or [MOde]: 

Cannot sweep or extrude an object of this type.
1 object removed from selection set.

Select objects to extrude or [MOde]: MO
Closed profiles creation mode [SOlid/SUrface] <Solid>: SU

Select objects to extrude or [MOde]: *Cancel*

Command: 
Command: 
Command: _extrude 
Current wire frame density:  ISOLINES=20, Closed profiles creation mode = Surface

Select objects to extrude or [MOde]: _MO Closed profiles creation mode [SOlid/SUrface] <Solid>: _SO

Select objects to extrude or [MOde]: 1 found

Select objects to extrude or [MOde]: 1 found (1 duplicate), 1 total

Select objects to extrude or [MOde]: 

Cannot sweep or extrude a self-intersecting curve.
1 object removed from selection set.

Select objects to extrude or [MOde]: 1 found

Select objects to extrude or [MOde]: 0.5


*Invalid selection*
Expects a point or Window/Last/Crossing/BOX/ALL/Fence/WPolygon/CPolygon/Group/Add/Remove/Multiple/Previous/Undo/AUto/SIngle/SUbobject/Object

Select objects to extrude or [MOde]: *Cancel*
*Cancel*

Command: _presspull 
Select object or bounded area:Select solids, surfaces, and regions to subtract from ..
Subtracting inner regions...

Specify extrusion height or [Multiple]:
Specify extrusion height or [Multiple]:_u 
Requires numeric distance, second point, or option keyword.

Specify extrusion height or [Multiple]:*Cancel*

1 extrusion(s) createdCommand cancelled.

Select object or bounded area:
Regen terminated
Command cancelled.
Command cancelled.

Automatic save to C:\Users\gijsj\Documents\1_EAI\2_AutoCAD\Case_design_Gijs_Jackers_1_19424_9f92c8f2.sv$ ...

Command: 
Command: 
Command: 
Command: _extrude 
Current wire frame density:  ISOLINES=20, Closed profiles creation mode = Solid

Select objects to extrude or [MOde]: _MO Closed profiles creation mode [SOlid/SUrface] <Solid>: _SO

Select objects to extrude or [MOde]: *Cancel*
*Cancel*

Command: _extrude 
Current wire frame density:  ISOLINES=20, Closed profiles creation mode = Solid

Select objects to extrude or [MOde]: _MO Closed profiles creation mode [SOlid/SUrface] <Solid>: _SO

Select objects to extrude or [MOde]: *Cancel*
*Cancel*

Command: _extrude 
Current wire frame density:  ISOLINES=20, Closed profiles creation mode = Solid

Select objects to extrude or [MOde]: _MO Closed profiles creation mode [SOlid/SUrface] <Solid>: _SO

Select objects to extrude or [MOde]: 1 found

Select objects to extrude or [MOde]: 

Cannot sweep or extrude a self-intersecting curve.
1 object removed from selection set.

Select objects to extrude or [MOde]: *Cancel*

Command: 
Command: 
Command: _extrude 
Current wire frame density:  ISOLINES=20, Closed profiles creation mode = Solid

Select objects to extrude or [MOde]: _MO Closed profiles creation mode [SOlid/SUrface] <Solid>: _SO

Select objects to extrude or [MOde]: *Cancel*

Command: 
Command: 
Command: _solidedit 
Solids editing automatic checking:  SOLIDCHECK=1
Enter a solids editing option [Face/Edge/Body/Undo/eXit] <eXit>: _face 
Enter a face editing option
[Extrude/Move/Rotate/Offset/Taper/Delete/Copy/coLor/mAterial/Undo/eXit] <eXit>: _extrude 
Select faces or [Undo/Remove]: 
A 3D solid must be selected.
1 face found.

Select faces or [Undo/Remove/ALL]: *Cancel*

Command: 
Command: 
Command: _solidedit 
Solids editing automatic checking:  SOLIDCHECK=1
Enter a solids editing option [Face/Edge/Body/Undo/eXit] <eXit>: _face 
Enter a face editing option
[Extrude/Move/Rotate/Offset/Taper/Delete/Copy/coLor/mAterial/Undo/eXit] <eXit>: _extrude 
Select faces or [Undo/Remove]: 
A 3D solid must be selected.
1 face found.

Select faces or [Undo/Remove/ALL]: 

Specify height of extrusion or [Path]: 0.5

Specify angle of taper for extrusion <0.00>: 


Solid validation started.
Solid validation completed.

Enter a face editing option
[Extrude/Move/Rotate/Offset/Taper/Delete/Copy/coLor/mAterial/Undo/eXit] <eXit>: _u 
Command has been completely undone.

Enter a face editing option
[Extrude/Move/Rotate/Offset/Taper/Delete/Copy/coLor/mAterial/Undo/eXit] <eXit>: *Cancel*

Command: 
Command: 
Command:  
Command: 
Command: *Cancel*

Command: 
Command: 
Command: _Thicken 
Select surfaces to thicken: *Cancel*

No surfaces selected.

Command: 
Command: 
Command: _solidedit 
Solids editing automatic checking:  SOLIDCHECK=1
Enter a solids editing option [Face/Edge/Body/Undo/eXit] <eXit>: _face 
Enter a face editing option
[Extrude/Move/Rotate/Offset/Taper/Delete/Copy/coLor/mAterial/Undo/eXit] <eXit>: _move 
Select faces or [Undo/Remove]: 
A 3D solid must be selected.
1 face found.

Select faces or [Undo/Remove/ALL]: *Cancel*

Command: 
Command: 
Command: _solidedit 
Solids editing automatic checking:  SOLIDCHECK=1
Enter a solids editing option [Face/Edge/Body/Undo/eXit] <eXit>: _face 
Enter a face editing option
[Extrude/Move/Rotate/Offset/Taper/Delete/Copy/coLor/mAterial/Undo/eXit] <eXit>: _move 
Select faces or [Undo/Remove]: 
A 3D solid must be selected.
1 face found.

Select faces or [Undo/Remove/ALL]: 
A 3D solid must be selected.
1 face found.

Select faces or [Undo/Remove/ALL]: 

Specify a base point or displacement: 
Specify a second point of displacement: 
No change due to a zero displacement vector.

Enter a face editing option
[Extrude/Move/Rotate/Offset/Taper/Delete/Copy/coLor/mAterial/Undo/eXit] <eXit>: M

Select faces or [Undo/Remove]: 

Enter a face editing option
[Extrude/Move/Rotate/Offset/Taper/Delete/Copy/coLor/mAterial/Undo/eXit] <eXit>: *Cancel*

Command: 
Command: 
Command: _solidedit 
Solids editing automatic checking:  SOLIDCHECK=1
Enter a solids editing option [Face/Edge/Body/Undo/eXit] <eXit>: _face 
Enter a face editing option
[Extrude/Move/Rotate/Offset/Taper/Delete/Copy/coLor/mAterial/Undo/eXit] <eXit>: _move 
Select faces or [Undo/Remove]: 
A 3D solid must be selected.
1 face found.

Select faces or [Undo/Remove/ALL]: 
A 3D solid must be selected.
1 face found.

Select faces or [Undo/Remove/ALL]: R

Remove faces or [Undo/Add/ALL]: 1 face found, 1 removed.

Remove faces or [Undo/Add/ALL]: *Cancel*

Command: 
Command:  
 
** MOVE **
Specify move point or [Base point/Copy/Undo/eXit]: 
Command: *Cancel*

Command: ALIGN

Select objects: 1 found

Select objects: 

Specify first source point: 
Specify first destination point: 
Checking 595 intersections... 
Specify second source point: 

Command: *Cancel*

Command: 
Command:  
 
** STRETCH **
Specify stretch point or [Base point/Copy/Undo/eXit]: 0.5

Command:  
Specify corner of window, enter a scale factor (nX or nXP), or 
[All/Center/Dynamic/Extents/Previous/Scale/Window/Object] <real time>: 

Command: 
Command:  
Command:  
Command: 
Command: 
 
** STRETCH **
Specify stretch point or [Base point/Copy/Undo/eXit]: *Cancel*

Command: 
Command: 
Command: _scale 2 found

Specify base point: 
Checking 703 intersections... 
Specify scale factor or [Copy/Reference]: 
Extremely small scale factor ignored.
_u 
Requires numeric distance, second point, or option keyword.

Specify scale factor or [Copy/Reference]: *Cancel*

Command: 
Command: 
Command: _scale 
Select objects: 1 found

Select objects: 

Specify base point: 
Checking 741 intersections... 
Specify scale factor or [Copy/Reference]: *Cancel*

Command: 
Command: 
Command: 
Command: _cutclip 1 found

Command: Specify opposite corner or [Fence/WPolygon/CPolygon]: *Cancel*

Command: 
Command: _pasteclip Duplicate definition of block _DotSmall  ignored.
Duplicate definition of block _ArchTick  ignored.
Substituting [simplex.shx] for [Freehand575 BT].
Specify insertion point: 
Command: 
Command: 
Command: 
Command: _scale 1 found

Specify base point: 
Specify scale factor or [Copy/Reference]: 
Command: 
Command: 
Command: 
Command: _cutclip 1 found

Command: 
Command: 
Command: _pasteclip Duplicate definition of block _DotSmall  ignored.
Duplicate definition of block _ArchTick  ignored.
Substituting [simplex.shx] for [Freehand575 BT].
Specify insertion point: 
Too many objects selected for INTERSECT

Command: *Cancel*

Command: 
Press ESC or ENTER to exit, or right-click to display shortcut-menu.

Command: 

Command:  
Command: *Cancel*

Command: 
Command: 
Command: _Polysolid Height = 4.000, Width = 0.250, Justification = Center
Specify start point or [Object/Height/Width/Justify] <Object>: 
Specify next point or [Arc/Undo]:  
>>Enter new value for ORTHOMODE <1>:  
Resuming POLYSOLID command.

Specify next point or [Arc/Undo]: 0.5

Specify next point or [Arc/Undo]: *Cancel*

Command:  
Command:  
Command: 
Command: 
Command: _pline 
Specify start point: 
Current line-width is 0.000
Specify next point or [Arc/Halfwidth/Length/Undo/Width]: 
Specify next point or [Arc/Close/Halfwidth/Length/Undo/Width]: 
Specify next point or [Arc/Close/Halfwidth/Length/Undo/Width]: 
Too many objects selected for INTERSECT

Specify next point or [Arc/Close/Halfwidth/Length/Undo/Width]: 
Specify next point or [Arc/Close/Halfwidth/Length/Undo/Width]: *Cancel*

Command: 
Command: 
Command: *Cancel*

Command: 
Command: *Cancel*

Command: _u PLINE GROUP 
Command: 
Command: 
Command: _arc 
Specify start point of arc or [Center]: 
Specify second point of arc or [Center/End]: 
Specify end point of arc: 
Command: 
Command: 
Command: _arc 
Specify start point of arc or [Center]: *Cancel*

Command: 
Command: _arc 
Specify start point of arc or [Center]: 
Specify second point of arc or [Center/End]: _c 
Specify center point of arc: 
Specify end point of arc (hold Ctrl to switch direction) or [Angle/chord Length]: *Cancel*

Command: 
Command: 
Command: _arc 
Specify start point of arc or [Center]: 
Specify second point of arc or [Center/End]: 
Specify end point of arc: *Cancel*

Command: *Cancel*

Command: 
Command: 
Command: 
Command: _MESHSMOOTH 
Not a valid object type.

Select objects to convert: *Cancel*

Command: *Cancel*

Command: 
Command: 
Command: _union 
Select objects: 1 found

Select objects: 1 found, 2 total

Select objects: 


Command: 
Press ESC or ENTER to exit, or right-click to display shortcut-menu.

Command: 
Command: 
Command: _union 
Select objects: 1 found

Select objects: 1 found, 2 total

Select objects: 


Command: 
Command: 
Command: _union 
Select objects: 1 found

Select objects: 1 found, 2 total

Select objects: 1 found, 3 total

Select objects: 1 found, 4 total

Select objects: 


Command: 
Command: 
Command: _union 
Select objects: 1 found

Select objects: 1 found, 2 total

Select objects: 1 found, 3 total

Select objects: 1 found, 4 total

Select objects: 


Automatic save to C:\Users\gijsj\Documents\1_EAI\2_AutoCAD\Case_design_Gijs_Jackers_1_19424_9f92c8f2.sv$ ...

Command: 
Command: 
Command: 
Command: _union 
Select objects: 1 found

Select objects: 1 found, 2 total

Select objects: 1 found, 3 total

Select objects: 1 found, 4 total

Select objects: 


Command: 
Command: 
Command: _union 
Select objects: 1 found

Select objects: 1 found, 2 total

Select objects: 1 found, 3 total

Select objects: 1 found (1 duplicate), 3 total

Select objects: 1 found, 4 total

Select objects: 1 found, 5 total

Select objects: 


Command: 

Command: 
Command: 
Command: _union 
Select objects: 1 found

Select objects: 1 found, 2 total

Select objects: 1 found, 3 total

Select objects: 


Command: 
Command: 
Command: _union 
Select objects: 1 found

Select objects: 1 found, 2 total

Select objects: 1 found, 3 total

Select objects: 


Command: 
Command: 
Command: _union 
Select objects: 1 found

Select objects: 1 found, 2 total

Select objects: 


Command: 
Command: 
Command: _union 
Select objects: 1 found

Select objects: 1 found, 2 total

Select objects: 

At least 2 solids, surfaces, or coplanar regions must be selected.

Command: 
Command: 
Command: 
Command: 
Command: _extrude 
Current wire frame density:  ISOLINES=20, Closed profiles creation mode = Solid
2 found
_MO Closed profiles creation mode [SOlid/SUrface] <Solid>: _SO

Cannot sweep or extrude an object of this type.
Cannot sweep or extrude a self-intersecting curve.
2 objects removed from selection set.

Select objects to extrude or [MOde]: 1 found

Select objects to extrude or [MOde]: 

Cannot sweep or extrude a self-intersecting curve.
1 object removed from selection set.

Select objects to extrude or [MOde]: 1 found

Select objects to extrude or [MOde]: MO
Closed profiles creation mode [SOlid/SUrface] <Solid>: SU

Cannot sweep or extrude a self-intersecting curve.
1 object removed from selection set.

Select objects to extrude or [MOde]: MO
Closed profiles creation mode [SOlid/SUrface] <Solid>: *Cancel*

Command: 
Command:  
 
** STRETCH **
Specify stretch point or [Base point/Copy/Undo/eXit]: 
Command:  
 
** MOVE **
Specify move point or [Base point/Copy/Undo/eXit]: 
Command: *Cancel*

Command: 
Press ESC or ENTER to exit, or right-click to display shortcut-menu.

Command: 

Command: ALIGN

Select objects: 1 found

Select objects: 

Specify first source point: 
Specify first destination point: 
Specify second source point: 

Command: *Cancel*

Command: 
Command: _.erase 1 found

Command: *Cancel*

Command:  
Command:  
Command: _u INTELLIZOOM 
Command: _u '.VIEWCUBEACTION 
Command: _u '.VIEWCUBEACTION 
Command: _u ERASE 
Command: _u 
Command: _u 
Command: _u GROUP 
Command: _u 
Command: _u 'PAN GROUP 
Command: _u '3DORBIT GROUP 
Command: _u '.ACGZDRAGACTION 
Command: _u '.ACGZDRAGACTION 
Command: _u EXTRUDE GROUP 
Command:  
Command:  
Command: 
Command: 
Command: *Cancel*

Command: 
Command: 
Command: _.erase 2 found

Command: _u INTELLIZOOM 
Command: _u ERASE 
Command: 
Command: _.erase 1 found

Command: 
Command: 
Command: 
Command: 


Command: 
Command:  
Command: 
Command: 
Command: _u INTELLIZOOM 
Command: _u DROPGEOM GROUP 
Command:  
Command: 
Command: 
** STRETCH **
Specify stretch point or [Base point/Copy/Undo/eXit]:
Command: *Cancel*

Command: 
Press ESC or ENTER to exit, or right-click to display shortcut-menu.

Command: 
Command: 
Command: _extrude 
Current wire frame density:  ISOLINES=20, Closed profiles creation mode = Surface

Select objects to extrude or [MOde]: _MO Closed profiles creation mode [SOlid/SUrface] <Solid>: _SO

Select objects to extrude or [MOde]: 1 found

Select objects to extrude or [MOde]: 

Specify height of extrusion or [Direction/Path/Taper angle/Expression] <0.750>: 0.5


Command: *Cancel*

Command: 
Command: 
Command: _union 
Select objects: 1 found

Select objects: 1 found, 2 total

Select objects: 


Command: *Cancel*

Command:  
Command:  
Window Lasso  Press Spacebar to cycle options
Command: Specify opposite corner or [Fence/WPolygon/CPolygon]: 
Command: _.erase 3 found

Command: 
Automatic save to C:\Users\gijsj\Documents\1_EAI\2_AutoCAD\Case_design_Gijs_Jackers_1_19424_9f92c8f2.sv$ ...

Command: 
Command: 
Command: 
Command: _pasteclip Substituting [simplex.shx] for [Freehand575 BT].
Specify insertion point: 
Command: Specify opposite corner or [Fence/WPolygon/CPolygon]: 
Command: 
Command: 
Command: _rotate 
Current positive angle in UCS:  ANGDIR=counterclockwise  ANGBASE=0.00
30 found

Specify base point: 
Specify rotation angle or [Copy/Reference] <270.00>: 
Command: 
Automatic save to C:\Users\gijsj\Documents\1_EAI\2_AutoCAD\Case_design_Gijs_Jackers_1_19424_9f92c8f2.sv$ ...

Command: 
Command: 
Command: 
Command: 
Command: _pasteclip Substituting [simplex.shx] for [Freehand575 BT].
Specify insertion point: 
Command: Specify opposite corner or [Fence/WPolygon/CPolygon]: 
Command: 
Command: 
Command: _rotate 
Current positive angle in UCS:  ANGDIR=counterclockwise  ANGBASE=0.00
59 found

Specify base point: 

Invalid point.

Specify base point: 
Specify rotation angle or [Copy/Reference] <90.00>: 
Command: 
Press ESC or ENTER to exit, or right-click to display shortcut-menu.

Command: ALIGN

Select objects: Specify opposite corner: 59 found

Select objects: 

Specify first source point: 
Specify first destination point: 
Specify second source point: 

Command: 
Command: 
Command: 
Command: _HideObjects 1 found

Command: 
Press ESC or ENTER to exit, or right-click to display shortcut-menu.

Command: _u '3DORBIT GROUP 
Command: _u Hide Objects GROUP 
Command: _u INTELLIZOOM INTELLIZOOM INTELLIZOOM 
Command: 
Press ESC or ENTER to exit, or right-click to display shortcut-menu.

Command: _u '3DORBIT GROUP 
Command: _u GROUP 
Command: _u 
Command: ALIGN

Select objects: 1 found

Select objects: 

Specify first source point: 
Specify first destination point: 
Specify second source point: 

Command:  
Command:  
Command:  
Command: 
Command:  
 
** MOVE **
Specify move point or [Base point/Copy/Undo/eXit]: 
Checking 595 intersections... 
Command:  
 
** MOVE **
Specify move point or [Base point/Copy/Undo/eXit]: 
Too many objects selected for INTERSECT

Command: *Cancel*

Command: 
Press ESC or ENTER to exit, or right-click to display shortcut-menu.

Command: Specify opposite corner or [Fence/WPolygon/CPolygon]: 
Command: _.erase 27 found

Command: Specify opposite corner or [Fence/WPolygon/CPolygon]: 
Command: _.erase 1 found

Command: Specify opposite corner or [Fence/WPolygon/CPolygon]: *Cancel*

Command: Specify opposite corner or [Fence/WPolygon/CPolygon]: 
Command: ALIGN

Specify first source point: 
Specify first destination point: 
Specify second source point: 

Command: 
Press ESC or ENTER to exit, or right-click to display shortcut-menu.

Command: 
Command: 
Command: 
Command: 
Command: *Cancel*

Command:  
Command: 
Command:  
Specify corner of window, enter a scale factor (nX or nXP), or 
[All/Center/Dynamic/Extents/Previous/Scale/Window/Object] <real time>: 

Command: 

Command: 
Command: 
Command: 
Command: *Cancel*

Command: 
Command: 
Command: _move 
Select objects: 1 found

Select objects: *Cancel*

Command: 
Command: 
Command: 
Command: 
Command: 
Command: 
Command: 
Command: 
Command: 
Command: 
Command: 
Command: *Cancel*

Command: 
Command: 
Command: 
Command: 
Command: 
Command: 
Command: 
Command: 
Command: 
Command: 
Command: 
Command: 
** STRETCH **
Specify stretch point or [Base point/Copy/Undo/eXit]:*Cancel*

Command: 
Command: 
Command: 
Command: 
Command: 
Command: 
Command: 
Command: 
Command: 
Command: 
Command: 
Command: 
Command: 
Command: 
Command: 
Command: 
Command: 
Command: 
Command: 
Command:  
 
** MOVE **
Specify move point or [Base point/Copy/Undo/eXit]: 
Command:  
 
** MOVE **
Specify move point or [Base point/Copy/Undo/eXit]: 
Command:  
 
** MOVE **
Specify move point or [Base point/Copy/Undo/eXit]: 
Command:  
 
** MOVE **
Specify move point or [Base point/Copy/Undo/eXit]: 
Checking 703 intersections... 
Command: 
Command: *Cancel*

Command: 
Command:  
 
** MOVE **
Specify move point or [Base point/Copy/Undo/eXit]: 
Command:  
 
** MOVE **
Specify move point or [Base point/Copy/Undo/eXit]: 
Too many objects selected for INTERSECT

Command: *Cancel*

Command: 
Command:  
 
** MOVE **
Specify move point or [Base point/Copy/Undo/eXit]: 
Command: Specify opposite corner or [Fence/WPolygon/CPolygon]: *Cancel*

Command: *Cancel*

Command: Specify opposite corner or [Fence/WPolygon/CPolygon]: 
Command: _.erase 30 found

Command:  
Command: '_pan 
Command: 
Command: 
Command: _extrude 
Current wire frame density:  ISOLINES=20, Closed profiles creation mode = Solid

Select objects to extrude or [MOde]: _MO Closed profiles creation mode [SOlid/SUrface] <Solid>: _SO

Select objects to extrude or [MOde]: 1 found

Select objects to extrude or [MOde]: 1 found, 2 total

Select objects to extrude or [MOde]: 1 found, 3 total

Select objects to extrude or [MOde]: *Cancel*

Command: 
Command: 
Command: _extrude 
Current wire frame density:  ISOLINES=20, Closed profiles creation mode = Solid

Select objects to extrude or [MOde]: _MO Closed profiles creation mode [SOlid/SUrface] <Solid>: _SO

Select objects to extrude or [MOde]: 1 found

Select objects to extrude or [MOde]: 1 found, 2 total

Select objects to extrude or [MOde]: 1 found, 3 total

Select objects to extrude or [MOde]: 1 found, 4 total

Select objects to extrude or [MOde]: 1 found, 5 total

Select objects to extrude or [MOde]: 1 found, 6 total

Select objects to extrude or [MOde]: *Cancel*

Automatic save to C:\Users\gijsj\Documents\1_EAI\2_AutoCAD\Case_design_Gijs_Jackers_1_19424_9f92c8f2.sv$ ...

Command: 
Command: 
Command: 
Command: _extrude 
Current wire frame density:  ISOLINES=20, Closed profiles creation mode = Solid

Select objects to extrude or [MOde]: _MO Closed profiles creation mode [SOlid/SUrface] <Solid>: _SO

Select objects to extrude or [MOde]: 1 found

Select objects to extrude or [MOde]: *Cancel*

Command: 
Command: 
Command: _extrude 
Current wire frame density:  ISOLINES=20, Closed profiles creation mode = Solid

Select objects to extrude or [MOde]: _MO Closed profiles creation mode [SOlid/SUrface] <Solid>: _SO

Select objects to extrude or [MOde]: 1 found

Select objects to extrude or [MOde]: 1 found, 2 total

Select objects to extrude or [MOde]: 

Specify height of extrusion or [Direction/Path/Taper angle/Expression] <1.000>: 1


Command: 
Press ESC or ENTER to exit, or right-click to display shortcut-menu.

Command: 
Command: *Cancel*

Command: *Cancel*

Command: 
Command: 
Command: 
Command: _subtract Select solids, surfaces, and regions to subtract from ..

Select objects: 1 found

Select objects: 
Select solids, surfaces, and regions to subtract ..
Select objects: 1 found

Select objects: 1 found, 2 total

Select objects: 


Command: 
Press ESC or ENTER to exit, or right-click to display shortcut-menu.

Command: 
Command: 
Command: _extrude 
Current wire frame density:  ISOLINES=20, Closed profiles creation mode = Solid

Select objects to extrude or [MOde]: _MO Closed profiles creation mode [SOlid/SUrface] <Solid>: _SO

Select objects to extrude or [MOde]: 1 found

Select objects to extrude or [MOde]: 1 found, 2 total

Select objects to extrude or [MOde]: 1 found, 3 total

Select objects to extrude or [MOde]: 1 found, 4 total

Select objects to extrude or [MOde]: 1 found, 5 total

Select objects to extrude or [MOde]: 1 found, 6 total

Select objects to extrude or [MOde]: 1 found, 7 total

Select objects to extrude or [MOde]: 1 found, 8 total

Select objects to extrude or [MOde]: 

Specify height of extrusion or [Direction/Path/Taper angle/Expression] <-1.000>: 1


Command: 
Command: 
Command: _subtract Select solids, surfaces, and regions to subtract from ..

Select objects: 1 found

Select objects: *Cancel*

Command: 
Command: 
Command: _subtract Select solids, surfaces, and regions to subtract from ..

Select objects: 1 found

Select objects: 
Select solids, surfaces, and regions to subtract ..
Select objects: 1 found

Select objects: *Cancel*

Command: 
Command: 
Command: _subtract Select solids, surfaces, and regions to subtract from ..

Select objects: 1 found

Select objects: 
Select solids, surfaces, and regions to subtract ..
Select objects: 1 found

Select objects: 1 found, 2 total

Select objects: 1 found (1 duplicate), 2 total

Select objects: 1 found, 3 total

Select objects: 1 found (1 duplicate), 3 total

Select objects: 1 found, 4 total

Select objects: 1 found, 5 total

Select objects: 1 found, 6 total

Select objects: 1 found (1 duplicate), 6 total

Select objects: 1 found, 7 total

Select objects: 1 found, 8 total

Select objects: 1 found, 9 total

Select objects: 


Command: 
Command: 
Command: _extrude 
Current wire frame density:  ISOLINES=20, Closed profiles creation mode = Solid

Select objects to extrude or [MOde]: _MO Closed profiles creation mode [SOlid/SUrface] <Solid>: _SO

Select objects to extrude or [MOde]: 1 found

Select objects to extrude or [MOde]: 1 found, 2 total

Select objects to extrude or [MOde]: 1 found, 3 total

Select objects to extrude or [MOde]: 1 found, 4 total

Select objects to extrude or [MOde]: 1 found, 5 total

Select objects to extrude or [MOde]: 1 found, 6 total

Select objects to extrude or [MOde]: 1 found, 7 total

Select objects to extrude or [MOde]: *Cancel*
*Cancel*

Command: _extrude 
Current wire frame density:  ISOLINES=20, Closed profiles creation mode = Solid

Select objects to extrude or [MOde]: _MO Closed profiles creation mode [SOlid/SUrface] <Solid>: _SO

Select objects to extrude or [MOde]: 
Nothing selected.

Command: 
Command: 
Command: _extrude 
Current wire frame density:  ISOLINES=20, Closed profiles creation mode = Solid

Select objects to extrude or [MOde]: _MO Closed profiles creation mode [SOlid/SUrface] <Solid>: _SO

Select objects to extrude or [MOde]: 1 found

Select objects to extrude or [MOde]: 

Specify height of extrusion or [Direction/Path/Taper angle/Expression] <-1.000>: 1


Command: 
Command: 
Command: _extrude 
Current wire frame density:  ISOLINES=20, Closed profiles creation mode = Solid

Select objects to extrude or [MOde]: _MO Closed profiles creation mode [SOlid/SUrface] <Solid>: _SO

Select objects to extrude or [MOde]: 1 found

Select objects to extrude or [MOde]: 1 found, 2 total

Select objects to extrude or [MOde]: *Cancel*

Command: 
Command: 
Command: _extrude 
Current wire frame density:  ISOLINES=20, Closed profiles creation mode = Solid

Select objects to extrude or [MOde]: _MO Closed profiles creation mode [SOlid/SUrface] <Solid>: _SO

Select objects to extrude or [MOde]: 1 found

Select objects to extrude or [MOde]: 1 found, 2 total

Select objects to extrude or [MOde]: 1 found, 3 total

Select objects to extrude or [MOde]: 

Specify height of extrusion or [Direction/Path/Taper angle/Expression] <-1.000>: 1


Command: 
Command: 
Command: _extrude 
Current wire frame density:  ISOLINES=20, Closed profiles creation mode = Solid

Select objects to extrude or [MOde]: _MO Closed profiles creation mode [SOlid/SUrface] <Solid>: _SO

Select objects to extrude or [MOde]: 1 found

Select objects to extrude or [MOde]: *Cancel*

Command: 
Command: 
Command: _extrude 
Current wire frame density:  ISOLINES=20, Closed profiles creation mode = Solid

Select objects to extrude or [MOde]: _MO Closed profiles creation mode [SOlid/SUrface] <Solid>: _SO

Select objects to extrude or [MOde]: 1 found

Select objects to extrude or [MOde]: 1 found, 2 total

Select objects to extrude or [MOde]: 1 found, 3 total

Select objects to extrude or [MOde]: 

Specify height of extrusion or [Direction/Path/Taper angle/Expression] <-1.000>: 1


Command: 

Command: 
Command: 
Command: _extrude 
Current wire frame density:  ISOLINES=20, Closed profiles creation mode = Solid

Select objects to extrude or [MOde]: _MO Closed profiles creation mode [SOlid/SUrface] <Solid>: _SO

Select objects to extrude or [MOde]: 1 found

Select objects to extrude or [MOde]: 1 found, 2 total

Select objects to extrude or [MOde]: 1 found, 3 total

Select objects to extrude or [MOde]: 1 found, 4 total

Select objects to extrude or [MOde]: 

Specify height of extrusion or [Direction/Path/Taper angle/Expression] <-1.000>: 1


Command: 
Command: 
Command: _extrude 
Current wire frame density:  ISOLINES=20, Closed profiles creation mode = Solid

Select objects to extrude or [MOde]: _MO Closed profiles creation mode [SOlid/SUrface] <Solid>: _SO

Select objects to extrude or [MOde]: 1 found

Select objects to extrude or [MOde]: 1 found, 2 total

Select objects to extrude or [MOde]: 1 found, 3 total

Select objects to extrude or [MOde]: 1 found, 4 total

Select objects to extrude or [MOde]: 1 found, 5 total

Select objects to extrude or [MOde]: 1 found, 6 total

Select objects to extrude or [MOde]: 1 found, 7 total

Select objects to extrude or [MOde]: 1 found, 8 total

Select objects to extrude or [MOde]: 1 found, 9 total

Select objects to extrude or [MOde]: 

Specify height of extrusion or [Direction/Path/Taper angle/Expression] <-1.000>: 1


Command: 
Command: 
Command: _extrude 
Current wire frame density:  ISOLINES=20, Closed profiles creation mode = Solid

Select objects to extrude or [MOde]: _MO Closed profiles creation mode [SOlid/SUrface] <Solid>: _SO

Select objects to extrude or [MOde]: 1 found

Select objects to extrude or [MOde]: 

Cannot sweep or extrude an object of this type.
1 object removed from selection set.

Select objects to extrude or [MOde]: *Cancel*
*Cancel*

Command: _extrude 
Current wire frame density:  ISOLINES=20, Closed profiles creation mode = Solid

Select objects to extrude or [MOde]: _MO Closed profiles creation mode [SOlid/SUrface] <Solid>: _SO

Select objects to extrude or [MOde]: 1 found

Select objects to extrude or [MOde]: 

Cannot sweep or extrude an object of this type.
1 object removed from selection set.

Select objects to extrude or [MOde]: *Cancel*

Command: 
Command: 
Command: _union 
Select objects: *Cancel*

Command: 
Command: _subtract Select solids, surfaces, and regions to subtract from ..

Select objects: 1 found

Select objects: 1 found, 2 total

Select objects: 
Select solids, surfaces, and regions to subtract ..
Select objects: 1 found

Select objects: 
No solids, surfaces, or regions selected.

Command: 
Command: 
Command: 
 
** STRETCH **
Specify stretch point or [Base point/Copy/Undo/eXit]: 
Modeling Operation Error:
Error Code Number is 104004

Modeling Operation Error:
Error Code Number is 72011

Modeling Operation Error:
Error Code Number is 72011


 
** MOVE **
Specify move point or [Base point/Copy/Undo/eXit]: *Cancel*

Command: 
Command: 
Command: 
Command: 
Command: 
Command: 
Command: 
Command: 
Command: 
Command: 
Command: 
Command: 
Command: 
Command: 
Command: 
Command: 
Command: 
Command: 
Command: 
SUBTRACT
Select solids, surfaces, and regions to subtract from ..

Select objects: 1 found

Select objects: 
Select solids, surfaces, and regions to subtract ..
Select objects: *Cancel*

Command: *Cancel*

Command: 
Command: 
Command: _subtract Select solids, surfaces, and regions to subtract from ..

Select objects: 1 found

Select objects: 
Select solids, surfaces, and regions to subtract ..
Select objects: 1 found

Select objects: *Cancel*

Command: 
Command: 
Command: _subtract Select solids, surfaces, and regions to subtract from ..

Select objects: 1 found

Select objects: 
Select solids, surfaces, and regions to subtract ..
Select objects: 1 found

Select objects: 


Command: 
Command: 
Command: _subtract Select solids, surfaces, and regions to subtract from ..

Select objects: 1 found

Select objects: 
Select solids, surfaces, and regions to subtract ..
Select objects: 1 found

Select objects: 1 found, 2 total

Select objects: *Cancel*

Command: 
Command: 
Command: _subtract Select solids, surfaces, and regions to subtract from ..

Select objects: 1 found

Select objects: 
Select solids, surfaces, and regions to subtract ..
Select objects: 1 found

Select objects: 1 found, 2 total

Select objects: 1 found, 3 total

Select objects: 1 found, 4 total

Select objects: 1 found, 5 total

Select objects: 1 found, 6 total

Select objects: 1 found, 7 total

Select objects: 1 found, 8 total

Select objects: 1 found, 9 total

Select objects: 1 found, 10 total

Select objects: 1 found, 11 total

Select objects: 1 found, 12 total

Select objects: 1 found, 13 total

Select objects: 


Command: 
Command: 
Command: _subtract Select solids, surfaces, and regions to subtract from ..

Select objects: 1 found

Select objects: 
Select solids, surfaces, and regions to subtract ..
Select objects: 1 found

Select objects: 1 found, 2 total

Select objects: 1 found, 3 total

Select objects: 1 found, 4 total

Select objects: 1 found, 5 total

Select objects: 1 found, 6 total

Select objects: 


Command: 

Command: 
Command: 
Command: _subtract Select solids, surfaces, and regions to subtract from ..

Select objects: 1 found

Select objects: 
Select solids, surfaces, and regions to subtract ..
Select objects: 1 found

Select objects: 


Command: _u INTELLIZOOM 
Command: _u SUBTRACT GROUP 
Command: 
Command: 
Command: _extrude 
Current wire frame density:  ISOLINES=20, Closed profiles creation mode = Solid

Select objects to extrude or [MOde]: _MO Closed profiles creation mode [SOlid/SUrface] <Solid>: _SO

Select objects to extrude or [MOde]: 1 found

Select objects to extrude or [MOde]: 

Cannot sweep or extrude an object of this type.
1 object removed from selection set.

Select objects to extrude or [MOde]: 1 found

Select objects to extrude or [MOde]: MO
Closed profiles creation mode [SOlid/SUrface] <Solid>: SU

Cannot sweep or extrude an object of this type.
1 object removed from selection set.

Select objects to extrude or [MOde]: 1 found

Select objects to extrude or [MOde]: *Cancel*

Command: 
Command: 
Command: _presspull 
Select object or bounded area:Command cancelled.

Click a face, curve, or inside a bounded areaCommand cancelled.

Select object or bounded area:Command cancelled.

Command: 
Command: 
Command: _QSAVE 
Command: 
Command: *Cancel*

Command: *Cancel*

Command: 
Command:  
 
** MOVE **
Specify move point or [Base point/Copy/Undo/eXit]: *Cancel*

Command:  
 
** MOVE **
Specify move point or [Base point/Copy/Undo/eXit]: 1

Command: *Cancel*

Command: 
Command: 
Command: _subtract Select solids, surfaces, and regions to subtract from ..

Select objects: 1 found

Select objects: 
Select solids, surfaces, and regions to subtract ..
Select objects: 1 found

Select objects: *Cancel*

Command: 
Command: *Cancel*

Command: 
Command: 
Command: _subtract Select solids, surfaces, and regions to subtract from ..

Select objects: 1 found

Select objects: 
Select solids, surfaces, and regions to subtract ..
Select objects: 1 found

Select objects: 


Command: *Cancel*

Command: Specify opposite corner or [Fence/WPolygon/CPolygon]: *Cancel*

Command: 
Press ESC or ENTER to exit, or right-click to display shortcut-menu.

Command: 
Command: 
Command: 
Command: _HideObjects 1 found

Command: 
Press ESC or ENTER to exit, or right-click to display shortcut-menu.

Command: 
Command: 
Command: 
Command: _HideObjects 1 found

Command: *Cancel*

Command: 
Press ESC or ENTER to exit, or right-click to display shortcut-menu.

Command: 
Command: 
Command: _unisolateobjects 
2 object(s) unisolated.

Command: 
Command: 
Command: 
Command: _HideObjects 1 found

Command: 
Press ESC or ENTER to exit, or right-click to display shortcut-menu.

Command: 
Command: 
Command: _.erase 2 found

Command: *Cancel*

Command: *Cancel*

Command: 
Press ESC or ENTER to exit, or right-click to display shortcut-menu.

Command: 
Press ESC or ENTER to exit, or right-click to display shortcut-menu.

Command: 
Command: 
Command: _unisolateobjects 
1 object(s) unisolated.

Command: 
Press ESC or ENTER to exit, or right-click to display shortcut-menu.

Command: 
Command: 
Command: 
Command: _hideobjects 1 found

Command: 
Press ESC or ENTER to exit, or right-click to display shortcut-menu.

Command: 
Command: 
Press ESC or ENTER to exit, or right-click to display shortcut-menu.

Command: *Cancel*

Command: Specify opposite corner or [Fence/WPolygon/CPolygon]: 
Command: Specify opposite corner or [Fence/WPolygon/CPolygon]: 
Command: _.erase 2 found

Command: 
Command: 
Command: _qsave 
Command: 
Command: *Cancel*

Command: *Cancel*

Command: _quit 
Command: 
