[ AutoCAD - Wed Jun 02 13:22:31 2021  ]----------------------------------------
Loading AEC Base...
Loading AEC Base Extended...
Loading AEC Core...
Loading AEC Project Base...
Loading AEC Architectural Base...
Loading AEC Schedule...

Loading Modeler DLLs.

Opening an AutoCAD 2018 format file.
Substituting [simplex.shx] for [Freehand575 BT].


AutoCAD menu utilities loaded.*Cancel*

Command: 

Autodesk DWG.  This file is a TrustedDWG last saved by an Autodesk application or Autodesk licensed application.

Command: 

Command: 
Command: 

Command: 

Command: 
Command: 
Command: _rotate 
Current positive angle in UCS:  ANGDIR=counterclockwise  ANGBASE=0.00

Select objects: Specify opposite corner: 62 found

Select objects: 

Specify base point: 
Specify rotation angle or [Copy/Reference] <0.00>: *Cancel*

Command:  
Command:  
Command: 
Command: 
Command: _rotate 
Current positive angle in UCS:  ANGDIR=counterclockwise  ANGBASE=0.00

Select objects: Specify opposite corner: 62 found

Select objects: 1 found (1 duplicate), 62 total

Select objects: 

Specify base point: 
Too many objects selected for INTERSECT

Specify rotation angle or [Copy/Reference] <0.00>: 
Too many objects selected for INTERSECT

Command: *Cancel*

Command: 

** MOVE AND ALIGN ** 
Specify origin point or align to face, surface, or mesh: 
Command: *Cancel*

Command:  
Command:  
Command:  
Command:  
Command:  
Command:  
Command:  
Command:  
Command: 
Command: 
Command: 

Current ucs name:  *NO NAME*
Specify origin of UCS or [Face/NAmed/OBject/Previous/View/World/X/Y/Z/ZAxis] <World>: 

Command: 
Command: 
Command: 

Current ucs name:  *WORLD*
Specify origin of UCS or [Face/NAmed/OBject/Previous/View/World/X/Y/Z/ZAxis] <World>: 

Command:  
Command:  
Command:  
Command:  
Command:  
Command:  
Command: 
Command: 
Command: _rotate 
Current positive angle in UCS:  ANGDIR=counterclockwise  ANGBASE=0.00

Select objects: Specify opposite corner: 62 found

Select objects: 

Specify base point: 
Specify rotation angle or [Copy/Reference] <270.00>: 
Too many objects selected for INTERSECT

Command: *Cancel*

Command: 

** MOVE ORIGIN ONLY ** 
Specify origin point: 
Command: *Cancel*

Command: 
Command: 
Command: _rotate 
Current positive angle in UCS:  ANGDIR=counterclockwise  ANGBASE=0.00

Select objects: *Cancel*

Command: 
Command: _scale 
Select objects: *Cancel*

Command: 
Press ESC or ENTER to exit, or right-click to display shortcut-menu.

Command: 
Command:  
 
** MOVE **
Specify move point or [Base point/Copy/Undo/eXit]: *Cancel*

Command: *Cancel*

Command: *Cancel*

Command: 
Command: 
Command: 
Command: _.browser Enter Web location (URL)  <http://www.autodesk.com>: http://www.autodesk.com/trusteddwg 

Command: 
Command: 
Command: 
Command: _hideobjects 1 found

Command: Specify opposite corner or [Fence/WPolygon/CPolygon]: *Cancel*

Command: 

Command: 
Press ESC or ENTER to exit, or right-click to display shortcut-menu.

Command: 
Command: _.erase 1 found

Command: 
Press ESC or ENTER to exit, or right-click to display shortcut-menu.

Command: 
Command: 
Command: 
Command: _hideobjects 1 found

Command: 
Command: 
Command: 
Command: _hideobjects 1 found

Command: 
Press ESC or ENTER to exit, or right-click to display shortcut-menu.

Command: 
Command: _.erase 1 found

Command: 
Command: _.erase 1 found

Command: 
Command: 
Command: _unisolateobjects 
3 object(s) unisolated.

Command: 
Command: 
Command: 


Command: 
Command:  
Command: 
Press ESC or ENTER to exit, or right-click to display shortcut-menu.

Command: 
Command: 
Command: 
Command: _HideObjects 1 found

Command: 
Command: 
Command: 
Command: _HideObjects 1 found

Command: 
Press ESC or ENTER to exit, or right-click to display shortcut-menu.

Command: 
Command: *Cancel*

Command: 
Press ESC or ENTER to exit, or right-click to display shortcut-menu.

Window Lasso  Press Spacebar to cycle options
Command: Specify opposite corner or [Fence/WPolygon/CPolygon]: 
Command: *Cancel*

Command: Specify opposite corner or [Fence/WPolygon/CPolygon]: 
Command: *Cancel*

Command: Specify opposite corner or [Fence/WPolygon/CPolygon]: 
Command: _.erase 3 found

Command: Specify opposite corner or [Fence/WPolygon/CPolygon]: 
Command: _.erase 3 found

Command: Specify opposite corner or [Fence/WPolygon/CPolygon]: 
Command: 
Command: _.erase 1 found

Command: 
Command: _.erase 1 found

Command: 
Command: _.erase 1 found

Command: 
Command: _.erase 1 found

Command: 
Command: 
Command: _.erase 1 found

Command: 
Command: _.erase 1 found

Window Lasso  Press Spacebar to cycle options
Command: Specify opposite corner or [Fence/WPolygon/CPolygon]: 
Command: _.erase 3 found

Command: Specify opposite corner or [Fence/WPolygon/CPolygon]: 
Command: _.erase 2 found

Command: Specify opposite corner or [Fence/WPolygon/CPolygon]: 
Command: _.erase 3 found

Command: Specify opposite corner or [Fence/WPolygon/CPolygon]: 
Command: Specify opposite corner or [Fence/WPolygon/CPolygon]: 
Command: _.erase 3 found

Command: Specify opposite corner or [Fence/WPolygon/CPolygon]: 
Command: _.erase 2 found

Command: Specify opposite corner or [Fence/WPolygon/CPolygon]: 
Command: Specify opposite corner or [Fence/WPolygon/CPolygon]: 
Command: _.erase 2 found

Command: 
Command: _.erase 1 found

Command: 
Press ESC or ENTER to exit, or right-click to display shortcut-menu.

Window Lasso  Press Spacebar to cycle options
Command: 
Command: _.erase 1 found

Command: Specify opposite corner or [Fence/WPolygon/CPolygon]: 
Command: _.erase 3 found

Command: Specify opposite corner or [Fence/WPolygon/CPolygon]: 
Command: _.erase 2 found

Command: 
Press ESC or ENTER to exit, or right-click to display shortcut-menu.

Command: 
Command: _.erase 1 found

Command: 
Command: _.erase 1 found

Command: 
Press ESC or ENTER to exit, or right-click to display shortcut-menu.

Command: 
Command: _.erase 1 found

Command: 
Press ESC or ENTER to exit, or right-click to display shortcut-menu.

Command: 
Command: _.erase 1 found

Command: 
Command: _.erase 1 found

Command: 
Press ESC or ENTER to exit, or right-click to display shortcut-menu.

Command: 
Command: _.erase 1 found

Command: 
Press ESC or ENTER to exit, or right-click to display shortcut-menu.

Command: 

** MOVE AND ALIGN ** 
Specify origin point or align to face, surface, or mesh: 
Command: 
Command: 
Command: _unisolateobjects 
2 object(s) unisolated.

Command: 
Press ESC or ENTER to exit, or right-click to display shortcut-menu.

Command: 
Command: 
Command: 
Command: _HideObjects 1 found

Command: 
Command: 
Command: 
Command: _HideObjects 1 found

Command: 
Command: _.erase 1 found

Command: 
Command: _.erase 1 found

Command: 
Press ESC or ENTER to exit, or right-click to display shortcut-menu.

Automatic save to C:\Users\gijsj\Documents\1_EAI\2_AutoCAD\Case_design_Gijs_Jackers_1_26058_e5ad4d01.sv$ ...

Command: 
Command: 
Command: *Cancel*

Command: 
Command: 
Press ESC or ENTER to exit, or right-click to display shortcut-menu.

Command: 

Command: 
Press ESC or ENTER to exit, or right-click to display shortcut-menu.

Command: 
Command: 
Press ESC or ENTER to exit, or right-click to display shortcut-menu.

Command: *Cancel*

Command: 
Command: 
Command: _unisolateobjects 
2 object(s) unisolated.

Command: 
Command: 
Command: 
Command: _hideobjects 1 found

Command: 
Press ESC or ENTER to exit, or right-click to display shortcut-menu.

Command: 
Command: 
Command:  
Command: *Cancel*

Command: 
Command: 
Command: 
Command: _hideobjects 1 found

Command: 
Press ESC or ENTER to exit, or right-click to display shortcut-menu.

Command: 
Command: *Cancel*

Command: 
Command: 
Command: _subtract Select solids, surfaces, and regions to subtract from ..

Select objects: 1 found

Select objects: 
Select solids, surfaces, and regions to subtract ..
Select objects: 1 found

Select objects: 
No solids, surfaces, or regions selected.

Command: 
Command: *Cancel*

Command: 
Command: 
Command: _subtract Select solids, surfaces, and regions to subtract from ..

Select objects: 1 found

Select objects: 
Select solids, surfaces, and regions to subtract ..
Select objects: 1 found

Select objects: 
No solids, surfaces, or regions selected.

Command: 
Command: 
Command:  
Command: 
Command: 
Command: _extrude 
Current wire frame density:  ISOLINES=20, Closed profiles creation mode = Solid
1 found
_MO Closed profiles creation mode [SOlid/SUrface] <Solid>: _SO

Cannot sweep or extrude an object of this type.
1 object removed from selection set.

Select objects to extrude or [MOde]: 1 found

Select objects to extrude or [MOde]: 

Cannot sweep or extrude an object of this type.
1 object removed from selection set.

Select objects to extrude or [MOde]: *Cancel*

Command: *Cancel*

Command: 
Press ESC or ENTER to exit, or right-click to display shortcut-menu.

Command: 
Command: 
Press ESC or ENTER to exit, or right-click to display shortcut-menu.

Command: 
Command: 
Command: _extrude 
Current wire frame density:  ISOLINES=20, Closed profiles creation mode = Solid
1 found
_MO Closed profiles creation mode [SOlid/SUrface] <Solid>: _SO

Cannot sweep or extrude an object of this type.
1 object removed from selection set.

Select objects to extrude or [MOde]: *Cancel*

Command: 
Command: 
Command: _presspull 
Select object or bounded area:
Command: Specify opposite corner or [Fence/WPolygon/CPolygon]: *Cancel*

Command: 
Command: 
Command: _union 
Select objects: 1 found

Select objects: 1 found (1 duplicate), 1 total

Select objects: 

At least 2 solids, surfaces, or coplanar regions must be selected.

Command: *Cancel*

Window Lasso  Press Spacebar to cycle options
Command: *Cancel*

Command: 
Press ESC or ENTER to exit, or right-click to display shortcut-menu.

Command: 
Command: (setvar "SubObjSelectionMode" 3) 3

Command: 
Command:  
 
** STRETCH **
Specify stretch point or [Base point/Undo/eXit]: 5

Command: *Cancel*

Command: 
Command: *Cancel*

Command: (setvar "SubObjSelectionMode" 2) 2

Command: *Cancel*

Command: 
Command: (setvar "SubObjSelectionMode" 3) 3

Command: 
Command: *Cancel*

Command: 
Command:  
 
** STRETCH **
Specify stretch point or [Base point/Undo/eXit]: 5

Command: *Cancel*

Command: *Cancel*

Command: 
Command: 
Press ESC or ENTER to exit, or right-click to display shortcut-menu.

Command: 

Command: 
Press ESC or ENTER to exit, or right-click to display shortcut-menu.

Command: 
Command: (setvar "SubObjSelectionMode" 3) 3

Command: 
Command: *Cancel*

Command: *Cancel*

Command: 
Command: 
Command: _unisolateobjects 
2 object(s) unisolated.

Command: 
Command: 
Command: 
Command: _hideobjects 1 found

Command: 
Press ESC or ENTER to exit, or right-click to display shortcut-menu.

Command: 
Press ESC or ENTER to exit, or right-click to display shortcut-menu.

Command: 
Command: 
Command: 


Command: 
Command:  
Command: 
Command: *Cancel*

Command: 
Command: 
Command: 


Command: 
Command:  
Command: *Cancel*

Command: 
Press ESC or ENTER to exit, or right-click to display shortcut-menu.

Command:  
Command: 
Command: 
Command: 
Command: 
Command: 
Command: 
Command: 
Command: 
Command: 
Command:  
 
** MOVE **
Specify move point or [Base point/Copy/Undo/eXit]: 
Too many objects selected for INTERSECT

Command:  
 
** MOVE **
Specify move point or [Base point/Copy/Undo/eXit]: 
Command:  
 
** MOVE **
Specify move point or [Base point/Copy/Undo/eXit]: 
Command: *Cancel*

Command: 
Command: 
Command: _.browser Enter Web location (URL)  <http://www.autodesk.com>: http://www.autodesk.com/trusteddwg 

Command: 
Command: 
Command: _unisolateobjects 
1 object(s) unisolated.

Command: 
Press ESC or ENTER to exit, or right-click to display shortcut-menu.

Command: ALIGN

Select objects: 1 found

Select objects: 

Specify first source point: 
Checking 703 intersections... 
Specify first destination point: 
Specify second source point: 

Command: *Cancel*

Command: 
Press ESC or ENTER to exit, or right-click to display shortcut-menu.

Command:  
Command:  
Command:  
Command:  
Command: *Cancel*

Command: 
Command: 
Command: _qsave 
Command: *Cancel*

Command: *Cancel*

Command: _quit 
Command: 
