[ AutoCAD - Wed Jun 02 20:17:30 2021  ]----------------------------------------
Loading AEC Base...
Loading AEC Base Extended...
Loading AEC Core...
Loading AEC Project Base...
Loading AEC Architectural Base...
Loading AEC Schedule...

Loading Modeler DLLs.

Opening an AutoCAD 2018 format file.
Substituting [simplex.shx] for [Freehand575 BT].


AutoCAD menu utilities loaded.*Cancel*

Command: 

Autodesk DWG.  This file is a TrustedDWG last saved by an Autodesk application or Autodesk licensed application.

Command: 

Command: 
Command: 

Command: 
Press ESC or ENTER to exit, or right-click to display shortcut-menu.

Command: 

** MOVE AND ALIGN ** 
Specify origin point or align to face, surface, or mesh: *Cancel*

Command: 
Command: *Cancel*

Command: 
Command: 
Command: *Cancel*

Command: 
Command: 
Command: *Cancel*

Command: *Cancel*

Command: 
Command: *Cancel*

Command: 
Command: 
Command: 
Command: 
Command: *Cancel*

Command:  
Command: 
Press ESC or ENTER to exit, or right-click to display shortcut-menu.

Command:  
Command: 
Press ESC or ENTER to exit, or right-click to display shortcut-menu.

Command:  
Command:  
Command:  
Command: Specify opposite corner or [Fence/WPolygon/CPolygon]: *Cancel*

Command: 
Automatic save to C:\Users\gijsj\Documents\1_EAI\2_AutoCAD\Case_design_Gijs_Jackers_1_1605_69927059.sv$ ...

Command: 
Command: *Cancel*

Command: *Cancel*

Command: _quit 
Command: 
