[ AutoCAD - Wed Jun 02 00:21:45 2021  ]----------------------------------------
Loading AEC Base...
Loading AEC Base Extended...
Loading AEC Core...
Loading AEC Project Base...
Loading AEC Architectural Base...
Loading AEC Schedule...

Loading Modeler DLLs.

Opening an AutoCAD 2018 format file.
Substituting [simplex.shx] for [Freehand575 BT].


AutoCAD menu utilities loaded.*Cancel*

Command: 

Autodesk DWG.  This file is a TrustedDWG last saved by an Autodesk application or Autodesk licensed application.

Command: 

Command: 
Command: 

Command:  
Command: 
Press ESC or ENTER to exit, or right-click to display shortcut-menu.

Command: 
Command: 
Command: _FILLETEDGE 
Radius = 0.500
Select an edge or [Chain/Loop/Radius]: 
Press ESC or ENTER to exit, or right-click to display shortcut-menu.

Resuming FILLETEDGE command.

Select an edge or [Chain/Loop/Radius]: *Cancel*

0 edge(s) selected for fillet.

No fillet to be computed.

Command: 
Command: _FILLETEDGE 
Radius = 0.500
Select an edge or [Chain/Loop/Radius]: 
Select an edge or [Chain/Loop/Radius]: 
Select an edge or [Chain/Loop/Radius]: 
Select an edge or [Chain/Loop/Radius]: *Cancel*

1 edge(s) selected for fillet.

No fillet to be computed.

Command: 
Command: 
Command: 
Command: 
Command: _FILLETEDGE 
Radius = 0.500
Select an edge or [Chain/Loop/Radius]: *Cancel*

0 edge(s) selected for fillet.

No fillet to be computed.

Command: 
Command: _CHAMFEREDGE Distance1 = 1.000, Distance2 = 1.000
Select an edge or [Loop/Distance]: 
Select another edge on the same face or [Loop/Distance]: 
Edges must belong to one face.

Select another edge on the same face or [Loop/Distance]: 
Select another edge on the same face or [Loop/Distance]: 
Edges must belong to one face.

Select another edge on the same face or [Loop/Distance]: L

Select edge of loop or [Edge/Distance]: 
Select another edge on the same face or [Loop/Distance]: 


Failed to perform blend.

Failure while chamfering.

Command: *Cancel*

Command: 
CHAMFEREDGE
Distance1 = 1.000, Distance2 = 1.000
Select an edge or [Loop/Distance]: 
Select an edge or [Loop/Distance]: 
Select another edge on the same face or [Loop/Distance]: *Cancel*


No edges to chamfer.

Command: 
Command: *Cancel*

Command: 
Command: 
Command: _CHAMFEREDGE Distance1 = 1.000, Distance2 = 1.000
Select an edge or [Loop/Distance]: 
Select another edge on the same face or [Loop/Distance]: L

Select edge of loop or [Edge/Distance]: 
Select edge of loop or [Edge/Distance]: 
Select edge of loop or [Edge/Distance]: 
Edges must belong to one face.

Select edge of loop or [Edge/Distance]: 
Edges must belong to one face.

Select edge of loop or [Edge/Distance]: 
Edges must belong to one face.

Select edge of loop or [Edge/Distance]: D

Specify Distance1 or [Expression] <1.000>: 

Specify Distance2 or [Expression] <1.000>: 

Select another edge on the same face or [Loop/Distance]: 


Failed to perform blend.

Failure while chamfering.

Command: 
CHAMFEREDGE
Distance1 = 1.000, Distance2 = 1.000
Select an edge or [Loop/Distance]: 


No edges to chamfer.

Command: Specify opposite corner or [Fence/WPolygon/CPolygon]: *Cancel*

Command:  
Command:  
Command:  
Command:  
Command: 
Command: 
Command: 
Command: _extrude 
Current wire frame density:  ISOLINES=20, Closed profiles creation mode = Solid
1 found
_MO Closed profiles creation mode [SOlid/SUrface] <Solid>: _SO

Cannot sweep or extrude an object of this type.
1 object removed from selection set.

Select objects to extrude or [MOde]: 1 found

Select objects to extrude or [MOde]:  
Resuming EXTRUDE command.

Select objects to extrude or [MOde]: 1 found (1 duplicate), 1 total

Select objects to extrude or [MOde]: *Cancel*
*Cancel*

Command: _extrude 
Current wire frame density:  ISOLINES=20, Closed profiles creation mode = Solid

Select objects to extrude or [MOde]: _MO Closed profiles creation mode [SOlid/SUrface] <Solid>: _SO

Select objects to extrude or [MOde]: 1 found

Select objects to extrude or [MOde]: 

Cannot sweep or extrude an object of this type.
1 object removed from selection set.

Select objects to extrude or [MOde]: *Cancel*

Command: 
Command:  
 
** MOVE **
Specify move point or [Base point/Copy/Undo/eXit]: *Cancel*

Command:  
 
** MOVE **
Specify move point or [Base point/Copy/Undo/eXit]: 
Command: *Cancel*

Command: _u '.ACGZDRAGACTION 
Command: 
Command:  
 
** MOVE **
Specify move point or [Base point/Copy/Undo/eXit]: 
Command: *Cancel*

Command: 
Command: 
Command:  
 
** MOVE **
Specify move point or [Base point/Copy/Undo/eXit]: *Cancel*

Command: *Cancel*

Command: _u '.ACGZDRAGACTION 
Command: _u '.ACGZDRAGACTION 
Command: 
Command:  
 
** MOVE **
Specify move point or [Base point/Copy/Undo/eXit]: *Cancel*

Command:  
 
** MOVE **
Specify move point or [Base point/Copy/Undo/eXit]: *Cancel*

Command: *Cancel*

Command: 
Command:  
 
** MOVE **
Specify move point or [Base point/Copy/Undo/eXit]: *Cancel*

Command:  
 
** MOVE **
Specify move point or [Base point/Copy/Undo/eXit]: *Cancel*

Command:  
 
** MOVE **
Specify move point or [Base point/Copy/Undo/eXit]: 6.771

Command: _u '.ACGZDRAGACTION 
Command: 
Command: 
Command: _subtract Select solids, surfaces, and regions to subtract from ..

Select objects: 1 found

Select objects: 
Select solids, surfaces, and regions to subtract ..
Select objects: 

Command: 
Command: 
Command: _solidedit 
Solids editing automatic checking:  SOLIDCHECK=1
Enter a solids editing option [Face/Edge/Body/Undo/eXit] <eXit>: _body 
Enter a body editing option
[Imprint/seParate solids/Shell/cLean/Check/Undo/eXit] <eXit>: _shell 
Select a 3D solid: 
Remove faces or [Undo/Add/ALL]: 

Enter the shell offset distance: 
Checking 528 intersections...  Specify second point: 

Requires numeric distance or two points.
 Specify second point: 

Requires numeric distance or two points.
 Specify second point: 

Requires numeric distance or two points.
 Specify second point: 

Requires numeric distance or two points.
 Specify second point: *Cancel*

Command: *Cancel*

Command: *Cancel*

Command: *Cancel*

Command: *Cancel*

Command: _quit 
Command: 
