[ AutoCAD - Thu Jun 03 15:43:40 2021  ]----------------------------------------

Opening an AutoCAD 2018 format file.
Regenerating model.


AutoCAD menu utilities loaded.
Command: 

Autodesk DWG.  This file is a TrustedDWG last saved by an Autodesk application or Autodesk licensed application.

Command: 

Command: 
Window Lasso  Press Spacebar to cycle options
Command: Specify opposite corner or [Fence/WPolygon/CPolygon]: 
Command: 
Command: 
Command: _copyclip 59 found

Command: 
Command: 
Command: 
Command: _qsave 
Command: 
Command: 
Command: _qsave 
Command: 
Command: 
Command: _qsave 
Command: 
Command: 
Command: _qsave 
