[ AutoCAD - Thu Jun 03 14:18:58 2021  ]----------------------------------------
Loading AEC Base...
Loading AEC Base Extended...
Loading AEC Core...
Loading AEC Project Base...
Loading AEC Architectural Base...
Loading AEC Schedule...

Loading Modeler DLLs.

Opening an AutoCAD 2018 format file.
Substituting [simplex.shx] for [Freehand575 BT].


AutoCAD menu utilities loaded.*Cancel*

Command: 

Autodesk DWG.  This file is a TrustedDWG last saved by an Autodesk application or Autodesk licensed application.

Command: 

Command: 
Command: 

Command: 

Command: 
Command: 
Command: 
Command: _HideObjects 1 found

Command: 

Command: *Cancel*

Command: 
Command: 
Command: 
Command: *Cancel*

Command: 
Command: 
Command: _HideObjects 
Select objects: 1 found

Select objects: 

Command: 
Command: *Cancel*

Command: *Cancel*

Command: 
Command: Specify opposite corner or [Fence/WPolygon/CPolygon]: *Cancel*

Command: _.erase 1 found

Command: 
Command: _.erase 1 found

Command: 
Command: 
Command: 
Command: 
Command: 
Command: 
Command: 
Command: 
Command: 
Command: 
Command: 
Command: 
Command: _hideobjects 10 found

Command: 
Command: 
Command: _unisolateobjects 
11 object(s) unisolated.

Command: 
Command:  
Enter new value for WSCURRENT <"3D Modeling">: 

Command: 
WSCURRENT

Enter new value for WSCURRENT <"Drafting & Annotation">: *Cancel*

Command: 
Command: 
Command: 
Command: _hideobjects 1 found

Command: 

Command: 
Command: 
Command: _rectang 
Specify first corner point or [Chamfer/Elevation/Fillet/Thickness/Width]: 
Specify other corner point or [Area/Dimensions/Rotation]: 
Specify other corner point or [Area/Dimensions/Rotation]: 3

Command: 
Command: 
Command: _circle 
Specify center point for circle or [3P/2P/Ttr (tan tan radius)]: 
Specify radius of circle or [Diameter]:  
>>Enter new value for ORTHOMODE <1>:  
Resuming CIRCLE command.

Specify radius of circle or [Diameter]:  
>>Enter new value for ORTHOMODE <1>:  
Resuming CIRCLE command.

Specify radius of circle or [Diameter]: 3.5

Command: *Cancel*

Command: *Cancel*

Command: 
Command:  
Command: 
Command: 
Command: 
Command: 
Command: Specify opposite corner or [Fence/WPolygon/CPolygon]: 
Command: 

Command: 
Command: _.erase 1 found

Command: 
Command: 
Command: _ellipse 
Specify axis endpoint of ellipse or [Arc/Center]: _c 
Specify center of ellipse: *Cancel*

Command: 
Command: _circle 
Specify center point for circle or [3P/2P/Ttr (tan tan radius)]: *Cancel*

Command: 
Command: _rectang 
Specify first corner point or [Chamfer/Elevation/Fillet/Thickness/Width]: 
Specify other corner point or [Area/Dimensions/Rotation]: 
Specify other corner point or [Area/Dimensions/Rotation]:  
>>Enter new value for ORTHOMODE <0>:  
Resuming RECTANG command.

Specify other corner point or [Area/Dimensions/Rotation]: 3

Command: _u RECTANG GROUP 
Command: 
Command: 
Command: _rectang 
Specify first corner point or [Chamfer/Elevation/Fillet/Thickness/Width]: *Cancel*

Command: 
Command: 
Command: _rectang 
Specify first corner point or [Chamfer/Elevation/Fillet/Thickness/Width]: 
Specify other corner point or [Area/Dimensions/Rotation]: *Cancel*

Command: 
Command: 
Command: 
Command: _rectang 
Specify first corner point or [Chamfer/Elevation/Fillet/Thickness/Width]: 
Specify other corner point or [Area/Dimensions/Rotation]:  
>>Enter new value for ORTHOMODE <0>:  
Resuming RECTANG command.

Specify other corner point or [Area/Dimensions/Rotation]: 
Specify other corner point or [Area/Dimensions/Rotation]: 
Specify other corner point or [Area/Dimensions/Rotation]: 3

Command: 
Command: 
Command: _circle 
Specify center point for circle or [3P/2P/Ttr (tan tan radius)]: 
Specify radius of circle or [Diameter] <3.500>: *Cancel*

Command: 
Command: 
Command: *Cancel*

Command: 
Command: 
Command: _erase 
Select objects: *Cancel*

Command: *Cancel*

Command: 
Command: 
Command: _rectang 
Specify first corner point or [Chamfer/Elevation/Fillet/Thickness/Width]: 
Specify other corner point or [Area/Dimensions/Rotation]: 
Specify other corner point or [Area/Dimensions/Rotation]:  
>>Enter new value for ORTHOMODE <0>:  
Resuming RECTANG command.

Specify other corner point or [Area/Dimensions/Rotation]: 4.5

Command: 
Command: 
Command: _circle 
Specify center point for circle or [3P/2P/Ttr (tan tan radius)]: 
Specify radius of circle or [Diameter] <3.500>: 4

Command: 
Command: 
Command: 
Command: _circle 
Specify center point for circle or [3P/2P/Ttr (tan tan radius)]: *Cancel*

Command: 
Command: _rectang 
Specify first corner point or [Chamfer/Elevation/Fillet/Thickness/Width]: 
Specify other corner point or [Area/Dimensions/Rotation]: 
Specify other corner point or [Area/Dimensions/Rotation]: 4.5

Command: 
Command: 
Command: _circle 
Specify center point for circle or [3P/2P/Ttr (tan tan radius)]: 
Specify radius of circle or [Diameter] <4.000>: 4

Command: *Cancel*

Command: 
Command: 
Command: _rectang 
Specify first corner point or [Chamfer/Elevation/Fillet/Thickness/Width]: 
Specify other corner point or [Area/Dimensions/Rotation]: 
Specify other corner point or [Area/Dimensions/Rotation]: 4.5

Command: 
Command: 
Command: _circle 
Specify center point for circle or [3P/2P/Ttr (tan tan radius)]: 
Specify radius of circle or [Diameter] <4.000>: _u 
Requires numeric distance, second point, or option keyword.

Specify radius of circle or [Diameter] <4.000>: _u 
Requires numeric distance, second point, or option keyword.

Specify radius of circle or [Diameter] <4.000>: *Cancel*

Command: 
Command: 
Command: _circle 
Specify center point for circle or [3P/2P/Ttr (tan tan radius)]: 
Specify radius of circle or [Diameter] <4.000>:  
>>Enter new value for ORTHOMODE <1>:  
Resuming CIRCLE command.

Specify radius of circle or [Diameter] <4.000>: 4

Command: 
Command: 
Command: _rectang 
Specify first corner point or [Chamfer/Elevation/Fillet/Thickness/Width]: 
Specify other corner point or [Area/Dimensions/Rotation]: 
Specify other corner point or [Area/Dimensions/Rotation]:  
>>Enter new value for ORTHOMODE <0>:  
Resuming RECTANG command.

Specify other corner point or [Area/Dimensions/Rotation]: 4.5

Command: 
Command: 
** STRETCH **
Specify stretch point:
Command: _u Grip Edit 
Command: _u RECTANG GROUP 
Command: 
Command: 
Command: _rectang 
Specify first corner point or [Chamfer/Elevation/Fillet/Thickness/Width]: 
Specify other corner point or [Area/Dimensions/Rotation]: 
Specify other corner point or [Area/Dimensions/Rotation]: 4.5

Command: 
Command: 
Command: _circle 
Specify center point for circle or [3P/2P/Ttr (tan tan radius)]: 
Specify radius of circle or [Diameter] <4.000>: 4

Command: *Cancel*

Command: 
Command: 
Command: _erase 
Select objects: *Cancel*

Command: 
Command: 
Command: 
Command: _HideObjects 1 found

Command: Specify opposite corner or [Fence/WPolygon/CPolygon]: 
Command: _.erase 1 found

Command: 
Command: _.erase 1 found

Window Lasso  Press Spacebar to cycle options
Command: Specify opposite corner or [Fence/WPolygon/CPolygon]: 
Command: Specify opposite corner or [Fence/WPolygon/CPolygon]: 
Command: Specify opposite corner or [Fence/WPolygon/CPolygon]: 
Command: 
Command: _.erase 1 found

Command: 
Command: _.erase 1 found

Command: 

Command: 
Command: _.erase 1 found

Command: 
Command: _.erase 1 found

Command: 
Command: _.erase 1 found

Command: 
Command: 
Command: _unisolateobjects 
2 object(s) unisolated.

Command: 
Command: 
Command: 
Command: _isolateobjects 1 found

Command: _u ISOLATEOBJECTS GROUP 
Command: 
Command: 
Command: 
Command: _hideobjects 1 found

Command:  
Enter new value for WSCURRENT <"Drafting & Annotation">: 

Command: 
WSCURRENT

Enter new value for WSCURRENT <"3D Modeling">: *Cancel*

Command: 
Command: 
Command: _cylinder 
Specify center point of base or [3P/2P/Ttr/Elliptical]: 
Specify base radius or [Diameter]: 4

Specify height or [2Point/Axis endpoint]: 
Command: 
Command: 
Command: 
Command: _copyclip 1 found

Command: Specify opposite corner or [Fence/WPolygon/CPolygon]: *Cancel*

Command: 
Command: _pasteclip Duplicate definition of block _DotSmall  ignored.
Duplicate definition of block _ArchTick  ignored.
Substituting [simplex.shx] for [Freehand575 BT].
Specify insertion point: 
Command: ALIGN

Select objects: 1 found

Select objects: 

Specify first source point: 
Specify first destination point: 
Specify second source point: 

Command: 
Press ESC or ENTER to exit, or right-click to display shortcut-menu.

Command: 

Command: 
Command: 
Command: _pasteclip Duplicate definition of block _DotSmall  ignored.
Duplicate definition of block _ArchTick  ignored.
Substituting [simplex.shx] for [Freehand575 BT].
Specify insertion point: *Cancel*

Command: 
Command: 
Command: _pasteclip Specify insertion point: 
Command: ALIGN

Select objects: 1 found

Select objects: 

Specify first source point: 
Too many objects selected for INTERSECT

Specify first destination point: 
Specify second source point: 

Command: 
Press ESC or ENTER to exit, or right-click to display shortcut-menu.

Command: 
Command: 
Command: _pasteclip Specify insertion point: 
Command: ALIGN

Select objects: 1 found

Select objects: 

Specify first source point: 
Checking 780 intersections... 
Specify first destination point: 
Too many objects selected for INTERSECT

Specify second source point: 

Command: *Cancel*

Command: 
Command:  
 
** MOVE **
Specify move point or [Base point/Copy/Undo/eXit]: 
Checking 780 intersections... 
Automatic save to C:\Users\gijsj\Documents\1_EAI\2_AutoCAD\Case_design_Gijs_Jackers_1_10086_61897f42.sv$ ...

Command: 
Command: Specify opposite corner or [Fence/WPolygon/CPolygon]: *Cancel*

Command: *Cancel*

Command: 
Command: 
Command: _subtract Select solids, surfaces, and regions to subtract from ..

Select objects: 1 found

Select objects: 
Select solids, surfaces, and regions to subtract ..
Select objects: 1 found

Select objects: 


Command: 
Press ESC or ENTER to exit, or right-click to display shortcut-menu.

Command: _u '3DORBIT GROUP 
Command: _u SUBTRACT GROUP 
Command: 
Command: *Cancel*

Command: 
Command:  
Command: 
Command: 
.QUICKPROPERTIES

Command: *Cancel*

Command: 
Press ESC or ENTER to exit, or right-click to display shortcut-menu.

Command: 
Command: 
Command: _unisolateobjects 
1 object(s) unisolated.

Command: 

Command: 
Command: 
Command: _subtract Select solids, surfaces, and regions to subtract from ..

Select objects: 1 found

Select objects: 1 found, 2 total

Select objects: 
Select solids, surfaces, and regions to subtract ..
Select objects: 1 found

Select objects: 


Command: 
Press ESC or ENTER to exit, or right-click to display shortcut-menu.

Command: 
Command: 
Command: _CHAMFEREDGE Distance1 = 1.000, Distance2 = 1.000
Select an edge or [Loop/Distance]:  
Resuming CHAMFEREDGE command.

Select an edge or [Loop/Distance]:  
Resuming CHAMFEREDGE command.

Select an edge or [Loop/Distance]: *Cancel*


No edges to chamfer.

Command: *Cancel*

Command: _u CHAMFEREDGE GROUP 
Command: _u '3DORBIT GROUP 
Command: _u SUBTRACT GROUP 
Command: _u 'PAN GROUP 
Command: _u UNISOLATEOBJECTS GROUP 
Command: _u '3DORBIT GROUP 
Command: _u INTELLIZOOM 
Command: _u QUICKPROPERTIES 
Command: _u Modify Property 
Command: _u QUICKPROPERTIES GROUP 
Command: _u '.ACGZDRAGACTION 
Command: _u GROUP 
Command: _u 
Command: _u PASTECLIP GROUP 
Command: _u '3DORBIT GROUP 
Command: _u GROUP 
Command: _u 
Command: _u PASTECLIP GROUP 
Command: _u PASTECLIP GROUP 
Command: _u 'PAN GROUP 
Command: _u '3DORBIT GROUP 
Command: _u GROUP 
Command: _u 
Command: _u PASTECLIP GROUP 
Command: _u INTELLIZOOM 
Command: _u COPYCLIP GROUP 
Command: _u CYLINDER GROUP 
Command: _u WSCURRENT 
Command: _u WSCURRENT 
Command: _u INTELLIZOOM INTELLIZOOM INTELLIZOOM 
Command: _u HIDEOBJECTS GROUP 
Command: _u UNISOLATEOBJECTS GROUP 
Command: _u INTELLIZOOM 
Command: _u ERASE 
Command: _u ERASE 
Command: _u ERASE 
Command: _u 'PAN GROUP 
Command: _u ERASE 
Command: _u ERASE 
Command: _u INTELLIZOOM 
Command: _u ERASE 
Command: _u INTELLIZOOM 
Command: _u ERASE 
Command: _u Hide Objects GROUP 
Command: _u GROUP ERASE 
Command: _u CIRCLE GROUP 
Command: _u RECTANG GROUP 
Command: _u INTELLIZOOM 
Command: _u CIRCLE GROUP 
Command: _u CIRCLE GROUP 
Command: _u RECTANG GROUP 
Command: _u INTELLIZOOM 
Command: _u CIRCLE GROUP 
Command: _u RECTANG GROUP 
Command: _u GROUP CIRCLE 
Command: _u INTELLIZOOM 
Command: _u CIRCLE GROUP 
Command: _u INTELLIZOOM 
Command: _u RECTANG GROUP 
Command: _u GROUP ERASE 
Command: _u INTELLIZOOM 
Command: _u CIRCLE GROUP 
Command: _u INTELLIZOOM 
Command: _u RECTANG GROUP 
Command: _u RECTANG GROUP 
Command: _u RECTANG GROUP 
Command: _u GROUP CIRCLE 
Command: 

Command: 
Command: 
Command: _rectang 
Specify first corner point or [Chamfer/Elevation/Fillet/Thickness/Width]: 
Specify other corner point or [Area/Dimensions/Rotation]:  
>>Enter new value for ORTHOMODE <0>:  
Resuming RECTANG command.

Specify other corner point or [Area/Dimensions/Rotation]: 
Specify other corner point or [Area/Dimensions/Rotation]:  
>>Enter new value for ORTHOMODE <0>:  
Resuming RECTANG command.

Specify other corner point or [Area/Dimensions/Rotation]: 4

Command: 
Command:  
 
** MOVE **
Specify move point or [Base point/Copy/Undo/eXit]: 4

Command: *Cancel*

Command: 
Command: 
Command: _circle 
Specify center point for circle or [3P/2P/Ttr (tan tan radius)]: 
Specify radius of circle or [Diameter] <3.500>: *Cancel*

Command: 
Command: 
Command: 
Command: 
Command: 
Command: Specify opposite corner or [Fence/WPolygon/CPolygon]: *Cancel*

Command: _u CIRCLE GROUP 
Command: _u '.ACGZDRAGACTION 
Command: _u RECTANG GROUP 
Command: 
Command: 
Command: _rectang 
Specify first corner point or [Chamfer/Elevation/Fillet/Thickness/Width]: 
Specify other corner point or [Area/Dimensions/Rotation]: 5

Command: _u RECTANG GROUP 
Command: 
Command: 
Command: _rectang 
Specify first corner point or [Chamfer/Elevation/Fillet/Thickness/Width]: 
Specify other corner point or [Area/Dimensions/Rotation]: 
Specify other corner point or [Area/Dimensions/Rotation]: 5

Command: 
Command: 
Command: _circle 
Specify center point for circle or [3P/2P/Ttr (tan tan radius)]: 
Specify radius of circle or [Diameter] <3.500>: 3

Command: 
Command: 
Command: _rectang 
Specify first corner point or [Chamfer/Elevation/Fillet/Thickness/Width]: 
Specify other corner point or [Area/Dimensions/Rotation]: 
Specify other corner point or [Area/Dimensions/Rotation]: 4.5

Command: 
Command: 
Command: _circle 
Specify center point for circle or [3P/2P/Ttr (tan tan radius)]: 
Specify radius of circle or [Diameter] <3.000>: 4

Command: _u CIRCLE GROUP 
Command: 
Command: 
Command: _circle 
Specify center point for circle or [3P/2P/Ttr (tan tan radius)]: 
Specify radius of circle or [Diameter] <3.000>: *Cancel*

Command: 
Command: 
Command: _circle 
Specify center point for circle or [3P/2P/Ttr (tan tan radius)]: 
Specify radius of circle or [Diameter] <3.000>: 3

Command: 

Command: 
Command: 
Command: _rectang 
Specify first corner point or [Chamfer/Elevation/Fillet/Thickness/Width]: 
Specify other corner point or [Area/Dimensions/Rotation]: 
Specify other corner point or [Area/Dimensions/Rotation]: 4.5

Command: 
Command: 
Command: _circle 
Specify center point for circle or [3P/2P/Ttr (tan tan radius)]: 
Specify radius of circle or [Diameter] <3.000>: 3

Command: 
Command: 
Command: _rectang 
Specify first corner point or [Chamfer/Elevation/Fillet/Thickness/Width]: 
Specify other corner point or [Area/Dimensions/Rotation]: 
Specify other corner point or [Area/Dimensions/Rotation]: 4.5

Command: 
Command: 
Command: _circle 
Specify center point for circle or [3P/2P/Ttr (tan tan radius)]: 
Specify radius of circle or [Diameter] <3.000>: 3

Command: 
Command: 
Command: _rectang 
Specify first corner point or [Chamfer/Elevation/Fillet/Thickness/Width]: 
Specify other corner point or [Area/Dimensions/Rotation]: 4.5

Command: _u RECTANG GROUP 
Command: 
Command: 
Command: _rectang 
Specify first corner point or [Chamfer/Elevation/Fillet/Thickness/Width]: 
Specify other corner point or [Area/Dimensions/Rotation]: 
Specify other corner point or [Area/Dimensions/Rotation]: 4.5

Command: 
Command: 
Command: _circle 
Specify center point for circle or [3P/2P/Ttr (tan tan radius)]: 
Specify radius of circle or [Diameter] <3.000>: 3

Command: *Cancel*

Command: 
Command: 
Command: 
Command: 
Command: _HideObjects 1 found

Command: Specify opposite corner or [Fence/WPolygon/CPolygon]: 
Command: Specify opposite corner or [Fence/WPolygon/CPolygon]: 
Command: _.erase 2 found

Command: 
Command: _.erase 1 found

Command: _u ERASE 
Command: 
Command: _.erase 1 found

Command: 
Command: _.erase 1 found

Command: 
Command: _.erase 1 found

Command: 
Command: _.erase 1 found

Command: 
Command: _.erase 1 found

Command: 
Command: _.erase 1 found

Command:  
Enter new value for WSCURRENT <"Drafting & Annotation">: 

Command: 
WSCURRENT

Enter new value for WSCURRENT <"3D Modeling">: *Cancel*

Command: 
Command: 
Command: _cylinder 
Specify center point of base or [3P/2P/Ttr/Elliptical]: 
Specify base radius or [Diameter] <4.000>: 3

Specify height or [2Point/Axis endpoint] <13.155>: 45

Command: *Cancel*

Command: Specify opposite corner or [Fence/WPolygon/CPolygon]: 
Command: 

Command: 
Command: 
Command: 
Command: _copyclip 1 found

Command: 
Command: 
Command: _copyclip 1 found

Command: 
Command: 
Command: _pasteclip Duplicate definition of block _DotSmall  ignored.
Duplicate definition of block _ArchTick  ignored.
Substituting [simplex.shx] for [Freehand575 BT].
Specify insertion point: 
Command: 
Command: 
Command: _pasteclip Duplicate definition of block _DotSmall  ignored.
Duplicate definition of block _ArchTick  ignored.
Substituting [simplex.shx] for [Freehand575 BT].
Specify insertion point: 
Command: 
Command: 
Command: _pasteclip Duplicate definition of block _DotSmall  ignored.
Duplicate definition of block _ArchTick  ignored.
Substituting [simplex.shx] for [Freehand575 BT].
Specify insertion point: 
Command: *Cancel*

Command: 
Press ESC or ENTER to exit, or right-click to display shortcut-menu.

Command: 
Command: ALIGN

Specify first source point: 
Too many objects selected for INTERSECT

Specify first destination point: 
Specify second source point: 

Command: Specify opposite corner or [Fence/WPolygon/CPolygon]: *Cancel*

Command: 
Press ESC or ENTER to exit, or right-click to display shortcut-menu.

Command: 
Command: ALIGN

Specify first source point: 
Too many objects selected for INTERSECT

Specify first destination point: 
Specify second source point: 

Command: 
Command: ALIGN

Specify first source point: 
Too many objects selected for INTERSECT

Specify first destination point: 
Specify second source point: 

Command: *Cancel*

Command: Specify opposite corner or [Fence/WPolygon/CPolygon]: *Cancel*

Command: 
Press ESC or ENTER to exit, or right-click to display shortcut-menu.

Command: 

Command: 
Command: 
Command: 
Command: 
Command:  
 
** MOVE **
Specify move point or [Base point/Undo/eXit]: 
Too many objects selected for INTERSECT

Command: *Cancel*

Command: 
Command: 
Command: _unisolateobjects 
2 object(s) unisolated.

Command: 
Command: 
Command: _subtract Select solids, surfaces, and regions to subtract from ..

Select objects: *Cancel*

Command: 
Command: _subtract Select solids, surfaces, and regions to subtract from ..

Select objects: 1 found

Select objects: 1 found, 2 total

Select objects: 
Select solids, surfaces, and regions to subtract ..
Select objects: 1 found

Select objects: 1 found, 2 total

Select objects: 1 found, 3 total

Select objects: 1 found, 4 total

Select objects: 


Command:  
Specify corner of window, enter a scale factor (nX or nXP), or 
[All/Center/Dynamic/Extents/Previous/Scale/Window/Object] <real time>: 

Command: 
Command: 
Press ESC or ENTER to exit, or right-click to display shortcut-menu.

Command: 
Command: 
Command: _FILLETEDGE 
Radius = 0.500
Select an edge or [Chain/Loop/Radius]: *Cancel*

0 edge(s) selected for fillet.

No fillet to be computed.

Command: 
Command: _CHAMFEREDGE Distance1 = 1.000, Distance2 = 1.000
Select an edge or [Loop/Distance]: 
Select another edge on the same face or [Loop/Distance]: D

Specify Distance1 or [Expression] <1.000>: 4

Specify Distance2 or [Expression] <1.000>: 3

Select another edge on the same face or [Loop/Distance]: 2

Edges must belong to one face.

Select another edge on the same face or [Loop/Distance]: 2

Edges must belong to one face.

Select another edge on the same face or [Loop/Distance]: 
Press ESC or ENTER to exit, or right-click to display shortcut-menu.

Resuming CHAMFEREDGE command.

Select another edge on the same face or [Loop/Distance]: L

Select edge of loop or [Edge/Distance]: D

Specify Distance1 or [Expression] <4.000>: 3

Specify Distance2 or [Expression] <3.000>: 2

Select another edge on the same face or [Loop/Distance]: 1

Select another edge on the same face or [Loop/Distance]: 2

Select another edge on the same face or [Loop/Distance]: L

Select edge of loop or [Edge/Distance]: 1

Select another edge on the same face or [Loop/Distance]: 2

Select another edge on the same face or [Loop/Distance]: 3

Select another edge on the same face or [Loop/Distance]: L

Select edge of loop or [Edge/Distance]: 1

Select another edge on the same face or [Loop/Distance]: *Cancel*


No edges to chamfer.

Automatic save to C:\Users\gijsj\Documents\1_EAI\2_AutoCAD\Case_design_Gijs_Jackers_1_10086_61897f42.sv$ ...

Command: 
Command: *Cancel*

Command: 
Command: 
Command: _solidedit 
Solids editing automatic checking:  SOLIDCHECK=1
Enter a solids editing option [Face/Edge/Body/Undo/eXit] <eXit>: _face 
Enter a face editing option
[Extrude/Move/Rotate/Offset/Taper/Delete/Copy/coLor/mAterial/Undo/eXit] <eXit>: _taper 
Select faces or [Undo/Remove]: *Cancel*

Command: 
Command: _CHAMFEREDGE Distance1 = 1.000, Distance2 = 1.000
Select an edge or [Loop/Distance]: 
Select another edge on the same face or [Loop/Distance]: D

Specify Distance1 or [Expression] <1.000>: 2

Specify Distance2 or [Expression] <1.000>: 

Select another edge on the same face or [Loop/Distance]: 


Press Enter to accept the chamfer or [Distance]:

Command: 
Command: *Cancel*

Command: 
Press ESC or ENTER to exit, or right-click to display shortcut-menu.

Command: 
Command: 
Command: _CHAMFEREDGE Distance1 = 2.000, Distance2 = 1.000
Select an edge or [Loop/Distance]: 
Select another edge on the same face or [Loop/Distance]: 
Select another edge on the same face or [Loop/Distance]: 
Press ESC or ENTER to exit, or right-click to display shortcut-menu.

Resuming CHAMFEREDGE command.

Select another edge on the same face or [Loop/Distance]: 
Select another edge on the same face or [Loop/Distance]: 


Press Enter to accept the chamfer or [Distance]:

Command: 
Press ESC or ENTER to exit, or right-click to display shortcut-menu.

Command: 
Command: 
Command: _hideobjects 
Select objects: *Cancel*

Command: *Cancel*

Command: 
Press ESC or ENTER to exit, or right-click to display shortcut-menu.

Command: 
Command: *Cancel*

Command: *Cancel*

Command: *Cancel*

Command: 
Press ESC or ENTER to exit, or right-click to display shortcut-menu.

Command: 
Command: 
Command: *Cancel*

Command:  
Specify corner of window, enter a scale factor (nX or nXP), or 
[All/Center/Dynamic/Extents/Previous/Scale/Window/Object] <real time>: 

Command: 
Command: 
Command: 


Command: 
Command:  
Command: _u DROPGEOM GROUP 
Command: _u 'ZOOM GROUP 
Command: 
Press ESC or ENTER to exit, or right-click to display shortcut-menu.

Command: 
Command: *Cancel*

Command: _u '3DORBIT GROUP 
Command: _u '3DORBIT GROUP 
Command: _u '3DORBIT GROUP 
Command: _u GROUP HIDEOBJECTS 
Command: _u '3DORBIT GROUP 
Command: _u CHAMFEREDGE GROUP 
Command: _u '3DORBIT GROUP 
Command: _u CHAMFEREDGE GROUP 
Command: _u SOLIDEDIT GROUP 
Command: _u CHAMFEREDGE GROUP 
Command: _u FILLETEDGE GROUP 
Command: _u '3DORBIT GROUP 
Command: _u 'ZOOM GROUP 
Command: _u SUBTRACT GROUP 
Command: _u GROUP SUBTRACT 
Command: 
Command: 
Command: 
Command: _HideObjects 1 found

Command: 
Command: 
Command: 
Command: _copyclip 1 found

Command: *Cancel*

Command: 
Command: 
Command: _subtract Select solids, surfaces, and regions to subtract from ..

Select objects: 1 found

Select objects: 1 found, 2 total

Select objects: *Cancel*

Command: 
Command: 
Command: _subtract Select solids, surfaces, and regions to subtract from ..

Select objects: 1 found

Select objects: 
Select solids, surfaces, and regions to subtract ..
Select objects: 1 found

Select objects: 1 found, 2 total

Select objects: 1 found, 3 total

Select objects: 1 found, 4 total

Select objects: 


Command: 
Command: 
Command: _unisolateobjects 
1 object(s) unisolated.

Command: 
Command: 
Command: 
Command: _hideobjects 1 found

Command: 
Press ESC or ENTER to exit, or right-click to display shortcut-menu.

Command: 
Command: 
Command: _pasteclip Duplicate definition of block _DotSmall  ignored.
Duplicate definition of block _ArchTick  ignored.
Substituting [simplex.shx] for [Freehand575 BT].
Specify insertion point: 
Command: 
Command: 
Command: _pasteclip Duplicate definition of block _DotSmall  ignored.
Duplicate definition of block _ArchTick  ignored.
Substituting [simplex.shx] for [Freehand575 BT].
Specify insertion point: *Cancel*

Command: 
Command: 
Command: _pasteclip Specify insertion point: *Cancel*

Command: 
Command: 
Command: 
Command: _copyclip 1 found

Command: 
Command: 
Command: _pasteclip Duplicate definition of block _DotSmall  ignored.
Duplicate definition of block _ArchTick  ignored.
Substituting [simplex.shx] for [Freehand575 BT].
Specify insertion point: 
Command: 
Command: 
Command: _pasteclip Duplicate definition of block _DotSmall  ignored.
Duplicate definition of block _ArchTick  ignored.
Substituting [simplex.shx] for [Freehand575 BT].
Specify insertion point: 
Command: 
Command: 
Command: _pasteclip Duplicate definition of block _DotSmall  ignored.
Duplicate definition of block _ArchTick  ignored.
Substituting [simplex.shx] for [Freehand575 BT].
Specify insertion point: 
Command: 
Press ESC or ENTER to exit, or right-click to display shortcut-menu.

Command: ALIGN

Select objects: 1 found

Select objects: 

Specify first source point: 
Specify first destination point: 
Specify second source point: 

Command: 
Command: ALIGN

Specify first source point: 
Specify first destination point: 
Specify second source point: 

Command: 
Command: ALIGN

Specify first source point: 
Specify first destination point: *Cancel*

Command: ALIGN

Select objects: 1 found

Select objects: 

Specify first source point: 
Specify first destination point: 
Specify second source point: 

Command: ALIGN

Select objects: 1 found

Select objects: 

Specify first source point: 
Specify first destination point: 
Specify second source point: 

Command: 
Command: 
Command: _unisolateobjects 
1 object(s) unisolated.

Command: 
Command: 
Command: _subtract Select solids, surfaces, and regions to subtract from ..

Select objects: 1 found

Select objects: 
Select solids, surfaces, and regions to subtract ..
Select objects: 1 found

Select objects: 1 found, 2 total

Select objects: 1 found, 3 total

Select objects: 1 found, 4 total

Select objects: 


Command: 
Command: 
Command: 
Command: _hideobjects 1 found

Command: 
Command: 
Command: 
Command: _hideobjects 1 found

Command: 
Command: _.erase 1 found

Command: 
Command: _.erase 1 found

Command: 
Command: _.erase 1 found

Command: 
Command: _.erase 1 found

Command: 
Command: 
Command: _unisolateobjects 
2 object(s) unisolated.

Command: 
Command: Specify opposite corner or [Fence/WPolygon/CPolygon]: *Cancel*

Command: 
Command: _isolateobjects 1 found

Command: 
Press ESC or ENTER to exit, or right-click to display shortcut-menu.

Command: 
Command: 
Command: _CHAMFEREDGE Distance1 = 1.000, Distance2 = 1.000
Select an edge or [Loop/Distance]: 
Select an edge or [Loop/Distance]: 
Select another edge on the same face or [Loop/Distance]: 
Select another edge on the same face or [Loop/Distance]: 
Select another edge on the same face or [Loop/Distance]: 
Select another edge on the same face or [Loop/Distance]: 
Press ESC or ENTER to exit, or right-click to display shortcut-menu.

Resuming CHAMFEREDGE command.

Select another edge on the same face or [Loop/Distance]: D

Specify Distance1 or [Expression] <1.000>: 2

Specify Distance2 or [Expression] <1.000>: E

Enter expression: 2

Select another edge on the same face or [Loop/Distance]:  
>>Specify corner of window, enter a scale factor (nX or nXP), or 
[All/Center/Dynamic/Extents/Previous/Scale/Window/Object] <real time>: 

Resuming CHAMFEREDGE command.

Select another edge on the same face or [Loop/Distance]:  
>>Specify corner of window, enter a scale factor (nX or nXP), or 
[All/Center/Dynamic/Extents/Previous/Scale/Window/Object] <real time>: 

Resuming CHAMFEREDGE command.

Select another edge on the same face or [Loop/Distance]: 
Press ESC or ENTER to exit, or right-click to display shortcut-menu.

Resuming CHAMFEREDGE command.

Select another edge on the same face or [Loop/Distance]: 


Press Enter to accept the chamfer or [Distance]:

Command: 
CHAMFEREDGE
Distance1 = 2.000, Distance2 = 2.000
Select an edge or [Loop/Distance]: 
Select an edge or [Loop/Distance]: 
Select an edge or [Loop/Distance]: *Cancel*


No edges to chamfer.

Command: 
Press ESC or ENTER to exit, or right-click to display shortcut-menu.

Command: 

Automatic save to C:\Users\gijsj\Documents\1_EAI\2_AutoCAD\Case_design_Gijs_Jackers_1_10086_61897f42.sv$ ...

Command: 
Command: 
Press ESC or ENTER to exit, or right-click to display shortcut-menu.

Command: _u '3DORBIT GROUP 
Command: _u 'PAN GROUP 
Command: _u '3DORBIT GROUP 
Command: _u CHAMFEREDGE 
Command: _u CHAMFEREDGE GROUP 
Command: _u '3DORBIT GROUP 
Command: _u ISOLATEOBJECTS GROUP 
Command: _u UNISOLATEOBJECTS GROUP 
Command: _u INTELLIZOOM 
Command: _u ERASE 
Command: _u ERASE 
Command: _u ERASE 
Command: _u ERASE 
Command: _u HIDEOBJECTS GROUP 
Command: _u HIDEOBJECTS GROUP 
Command: _u SUBTRACT GROUP 
Command: _u INTELLIZOOM 
Command: _u UNISOLATEOBJECTS GROUP 
Command: _u INTELLIZOOM 
Command: _u GROUP 
Command: _u 
Command: _u INTELLIZOOM 
Command: _u GROUP 
Command: _u 
Command: _u GROUP 
Command: _u 
Command: _u INTELLIZOOM 
Command: _u GROUP 
Command: _u 
Command: _u INTELLIZOOM 
Command: _u GROUP 
Command: _u 
Command: _u '3DORBIT GROUP 
Command: _u INTELLIZOOM 
Command: _u INTELLIZOOM GROUP 
Command: _u 
Command: _u PASTECLIP GROUP 
Command: _u PASTECLIP GROUP 
Command: _u COPYCLIP GROUP 
Command: _u GROUP PASTECLIP 
Command: _u PASTECLIP GROUP 
Command: _u PASTECLIP GROUP 
Command: _u '3DORBIT GROUP 
Command: _u HIDEOBJECTS GROUP 
Command: _u UNISOLATEOBJECTS GROUP 
Command: _u SUBTRACT GROUP 
Command: _u GROUP SUBTRACT 
Command: _u COPYCLIP GROUP 
Command: _u Hide Objects GROUP 
Command: _u UNISOLATEOBJECTS GROUP 
Command: _u '.ACGZDRAGACTION 
Command: _u 'PAN GROUP 
Command: _u '3DORBIT GROUP 
Command: _u GROUP 
Command: _u 
Command: _u GROUP 
Command: _u 
Command: _u '3DORBIT GROUP 
Command: _u INTELLIZOOM 
Command: _u GROUP 
Command: _u 
Command: _u '3DORBIT GROUP 
Command: _u PASTECLIP GROUP 
Command: _u PASTECLIP GROUP 
Command: _u PASTECLIP GROUP 
Command: _u COPYCLIP GROUP 
Command: _u COPYCLIP GROUP 
Command: _u 'PAN GROUP 
Command: _u INTELLIZOOM INTELLIZOOM 
Command: _u CYLINDER GROUP 
Command: _u INTELLIZOOM 
Command: _u WSCURRENT 
Command: _u WSCURRENT 
Command: _u INTELLIZOOM 
Command: _u ERASE 
Command: _u ERASE 
Command: 
Command: 
Command: _.erase 2 found

Command: _u ERASE 
Command: 
Command: _.erase 1 found

Command: Specify opposite corner or [Fence/WPolygon/CPolygon]: 
Command: 
Command: 
Command: 
Command: _rectang 
Specify first corner point or [Chamfer/Elevation/Fillet/Thickness/Width]: 
Specify other corner point or [Area/Dimensions/Rotation]: 
Command: 
Command: _.erase 1 found

Command: 
Command: _.erase 1 found

Command: 
Command: _.erase 1 found

Command: 
Command: 
Command: _.browser Enter Web location (URL)  <http://www.autodesk.com>: http://www.autodesk.com/trusteddwg 

Command: 
Command: 
Command: _unisolateobjects 
2 object(s) unisolated.

Command: 
Command: 
Press ESC or ENTER to exit, or right-click to display shortcut-menu.

Command: 
Command: *Cancel*

Command: 
Command: 
Command: 
Command: _isolateobjects 1 found

Command: 
Press ESC or ENTER to exit, or right-click to display shortcut-menu.

Command:  
Command: 

Command: 
Command: 
Command: _rectang 
Specify first corner point or [Chamfer/Elevation/Fillet/Thickness/Width]: 
Specify other corner point or [Area/Dimensions/Rotation]: 
Specify other corner point or [Area/Dimensions/Rotation]: 5

Command: 
Command: 
Command: _circle 
Specify center point for circle or [3P/2P/Ttr (tan tan radius)]: 
Specify radius of circle or [Diameter] <3.000>: 3

Command: 
Command: 
Command: _rectang 
Specify first corner point or [Chamfer/Elevation/Fillet/Thickness/Width]: 
Specify other corner point or [Area/Dimensions/Rotation]: 
Specify other corner point or [Area/Dimensions/Rotation]: 5

Command: 
Command: 
Command: _circle 
Specify center point for circle or [3P/2P/Ttr (tan tan radius)]: 
Specify radius of circle or [Diameter] <3.000>: 3

Command: 
Command: 
Command: _rectang 
Specify first corner point or [Chamfer/Elevation/Fillet/Thickness/Width]: 
Specify other corner point or [Area/Dimensions/Rotation]: 
Specify other corner point or [Area/Dimensions/Rotation]: 5

Command: 
Command: 
Command: _circle 
Specify center point for circle or [3P/2P/Ttr (tan tan radius)]: 
Specify radius of circle or [Diameter] <3.000>: 3

Command: 
Command: 
Command: _rectang 
Specify first corner point or [Chamfer/Elevation/Fillet/Thickness/Width]: 
Specify other corner point or [Area/Dimensions/Rotation]: 
Specify other corner point or [Area/Dimensions/Rotation]: 5

Command: 
Command: 
Command: _circle 
Specify center point for circle or [3P/2P/Ttr (tan tan radius)]: 
Specify radius of circle or [Diameter] <3.000>: 3

Command: 
Command: 
Command: 
Command: _hideobjects 1 found

Command: 
Command: _.erase 1 found

Command: 
Command: Specify opposite corner or [Fence/WPolygon/CPolygon]: *Cancel*

Command: *Cancel*

Command: 
Command: _.erase 1 found

Command: 
Command: _.erase 1 found

Command: 
Command: _.erase 1 found

Command:  
Enter new value for WSCURRENT <"Drafting & Annotation">: 

Command: 
WSCURRENT

Enter new value for WSCURRENT <"3D Modeling">: *Cancel*

Command: 
Command: 
Command: _cylinder 
Specify center point of base or [3P/2P/Ttr/Elliptical]: 
Specify base radius or [Diameter] <3.000>: 3

Specify height or [2Point/Axis endpoint] <45.000>: 45

Command: 

Command: 
Command: 
Command: _cylinder 
Specify center point of base or [3P/2P/Ttr/Elliptical]: 
Specify base radius or [Diameter] <3.000>: 3

Specify height or [2Point/Axis endpoint] <45.000>: 45

Command: 

Command: 
Command: 
Command: 
Command: _copyclip 1 found

Command: 

Command: 
Command: 
Command: _pasteclip Duplicate definition of block _DotSmall  ignored.
Duplicate definition of block _ArchTick  ignored.
Substituting [simplex.shx] for [Freehand575 BT].
Specify insertion point: 
Command: 
Command: 
Command: _pasteclip Duplicate definition of block _DotSmall  ignored.
Duplicate definition of block _ArchTick  ignored.
Substituting [simplex.shx] for [Freehand575 BT].
Specify insertion point: 
Command: *Cancel*

Command: 
Command: ALIGN

Specify first source point: 
Specify first destination point: 
Specify second source point: 

Command: 
Command: ALIGN

Specify first source point: 
Specify first destination point: 
Specify second source point: 

Command: 
Command: 
Command: _unisolateobjects 
17 object(s) unisolated.

Command: 
Press ESC or ENTER to exit, or right-click to display shortcut-menu.

Command: 
Command: *Cancel*

Command: 
Command: 
Command: 
Command: _hideobjects 1 found

Command: 
Command: *Cancel*

Command: 
Command: 
Command: _subtract Select solids, surfaces, and regions to subtract from ..

Select objects: 1 found

Select objects: 
Select solids, surfaces, and regions to subtract ..
Select objects: 1 found

Select objects: 1 found, 2 total

Select objects: 1 found, 3 total

Select objects: 1 found, 4 total

Select objects: 1 found (1 duplicate), 4 total

Select objects: 1 found (1 duplicate), 4 total

Select objects: 


Command: _u SUBTRACT GROUP 
Command: 
Command: 
Command: 
Command: 
Command:  
 
** MOVE **
Specify move point or [Base point/Undo/eXit]: 
Too many objects selected for INTERSECT

Command: *Cancel*

Command: 
Command: 
Command: _subtract Select solids, surfaces, and regions to subtract from ..

Select objects: 1 found

Select objects: 
Select solids, surfaces, and regions to subtract ..
Select objects: 1 found

Select objects: 1 found, 2 total

Select objects: 1 found, 3 total

Select objects: 1 found, 4 total

Select objects: 


Command: 
Command: _.erase 1 found

Command: 
Command: _.erase 1 found

Command: Specify opposite corner or [Fence/WPolygon/CPolygon]: *Cancel*

Command: 
Command: _pasteclip Duplicate definition of block _DotSmall  ignored.
Duplicate definition of block _ArchTick  ignored.
Substituting [simplex.shx] for [Freehand575 BT].
Specify insertion point: *Cancel*

Command: 
Command: _pasteclip Specify insertion point: 
Command: 
Command: 
Command: _pasteclip Specify insertion point: 
Command: ALIGN

Select objects: 1 found

Select objects: 

Specify first source point: 
Too many objects selected for INTERSECT

Specify first destination point: 
Checking 1225 intersections... 
Specify second source point: 

Command: 
Command: ALIGN

Specify first source point: 
Too many objects selected for INTERSECT

Specify first destination point: 
Checking 1128 intersections... 
Specify second source point: 

Command: 
Command: 
Command: _pasteclip Specify insertion point: 
Command: 
Command: 
Command: _pasteclip Specify insertion point: 
Command: *Cancel*

Command: 
Command: ALIGN

Specify first source point: 
Too many objects selected for INTERSECT

Specify first destination point: 
Checking 1225 intersections... 
Specify second source point: 

Command: 
Command: ALIGN

Specify first source point: 
Too many objects selected for INTERSECT

Specify first destination point: 
Too many objects selected for INTERSECT

Specify second source point: 

Command: *Cancel*

Command: 
Command: 
Command: _unisolateobjects 
1 object(s) unisolated.

Command: 
Command: 
Command: _subtract Select solids, surfaces, and regions to subtract from ..

Select objects: 1 found

Select objects: 
Select solids, surfaces, and regions to subtract ..
Select objects: 1 found

Select objects: 1 found, 2 total

Select objects: 1 found, 3 total

Select objects: 1 found, 4 total

Select objects: 


Command: *Cancel*

Command: 
Press ESC or ENTER to exit, or right-click to display shortcut-menu.

Command: 
Command: 
Command: 
Command: _isolateobjects 1 found

Command: 
Press ESC or ENTER to exit, or right-click to display shortcut-menu.

Command:  
Specify corner of window, enter a scale factor (nX or nXP), or 
[All/Center/Dynamic/Extents/Previous/Scale/Window/Object] <real time>: 

Command: 
Press ESC or ENTER to exit, or right-click to display shortcut-menu.

Command: 
Command: 
Command: _CHAMFEREDGE Distance1 = 1.000, Distance2 = 1.000
Select an edge or [Loop/Distance]: 
Select an edge or [Loop/Distance]: 
Select another edge on the same face or [Loop/Distance]: 
Select another edge on the same face or [Loop/Distance]: 
Select another edge on the same face or [Loop/Distance]: 
Select another edge on the same face or [Loop/Distance]: D

Specify Distance1 or [Expression] <1.000>: 2

Specify Distance2 or [Expression] <1.000>: E

Enter expression: 2

Select another edge on the same face or [Loop/Distance]: 


Press Enter to accept the chamfer or [Distance]:

Command: Specify opposite corner or [Fence/WPolygon/CPolygon]: 
Command: *Cancel*

Command: *Cancel*

Command: *Cancel*

Command: 
Command: 
Command: _unisolateobjects 
18 object(s) unisolated.

Automatic save to C:\Users\gijsj\Documents\1_EAI\2_AutoCAD\Case_design_Gijs_Jackers_1_10086_61897f42.sv$ ...

Command: 
Command: 
Press ESC or ENTER to exit, or right-click to display shortcut-menu.

Command: 
Command: 
Command: 
Command: _isolateobjects 1 found

Command: 
Press ESC or ENTER to exit, or right-click to display shortcut-menu.

Command: *Cancel*

Command: 
Command: 
Command: 
Command: 
Command: _bedit 
Command: (setvar "SubObjSelectionMode" 3) 3

Command: 
Command: (setvar "SubObjSelectionMode" 3) 3

Command: *Cancel*

Command: 
Press ESC or ENTER to exit, or right-click to display shortcut-menu.

Command: 

Command: 
Command: 
Command: _unisolateobjects 
18 object(s) unisolated.

Command: 
Press ESC or ENTER to exit, or right-click to display shortcut-menu.

Command: 
Command: 
Command: 
Command: _copyclip 1 found

Command: 
Command: 
Command: _pasteclip Duplicate definition of block _DotSmall  ignored.
Duplicate definition of block _ArchTick  ignored.
Substituting [simplex.shx] for [Freehand575 BT].
Specify insertion point: *Cancel*

Command: 
Command: 
Command: 
Command: 
Command: _HideObjects 2 found

Command: _u Hide Objects GROUP 
Command: 
Command: 
Command: 
Command: _HideObjects 1 found

Command: 
Command: 
Command: 
Command: _HideObjects 1 found

Command: Specify opposite corner or [Fence/WPolygon/CPolygon]: 
Command: _.erase 2 found

Command: 
Command: _.erase 1 found

Command: 
Command: _.erase 1 found

Command: 
Command: _.erase 1 found

Command:  
Specify corner of window, enter a scale factor (nX or nXP), or 
[All/Center/Dynamic/Extents/Previous/Scale/Window/Object] <real time>: 

Command: 
Press ESC or ENTER to exit, or right-click to display shortcut-menu.

Command: 
Command: 
Command: _unisolateobjects 
2 object(s) unisolated.

Command: Specify opposite corner or [Fence/WPolygon/CPolygon]: *Cancel*

Command: 
Command: 
Command: _qsave 
Command: 
Command: 
Command: _qsave 
Command:  
Specify corner of window, enter a scale factor (nX or nXP), or 
[All/Center/Dynamic/Extents/Previous/Scale/Window/Object] <real time>: 

Command: 
Press ESC or ENTER to exit, or right-click to display shortcut-menu.

Command:  
Specify corner of window, enter a scale factor (nX or nXP), or 
[All/Center/Dynamic/Extents/Previous/Scale/Window/Object] <real time>: 

Command: 
Press ESC or ENTER to exit, or right-click to display shortcut-menu.

Command: 

Command:  
Specify corner of window, enter a scale factor (nX or nXP), or 
[All/Center/Dynamic/Extents/Previous/Scale/Window/Object] <real time>: 

Command: Specify opposite corner or [Fence/WPolygon/CPolygon]: 
Command: 
Press ESC or ENTER to exit, or right-click to display shortcut-menu.

Command: 
Command: 
Command: 
Command: _hideobjects 1 found

Command: 
Press ESC or ENTER to exit, or right-click to display shortcut-menu.

Command: *Cancel*

Command:  
Command: 

Command: 
Press ESC or ENTER to exit, or right-click to display shortcut-menu.

Command: 
Command: ALIGN

Specify first source point: *Cancel*

Command: *Cancel*

Command: ALIGN

Select objects: 1 found

Select objects: 

Specify first source point: *Cancel*

Command: _u GROUP 
Command: *Cancel*

Command: ALIGN

Select objects: 1 found

Select objects: 

Specify first source point: 
Press ESC or ENTER to exit, or right-click to display shortcut-menu.

Resuming ALIGN command.

Specify first source point:  
>>Specify corner of window, enter a scale factor (nX or nXP), or 
[All/Center/Dynamic/Extents/Previous/Scale/Window/Object] <real time>: 

Resuming ALIGN command.

Specify first source point: 
Press ESC or ENTER to exit, or right-click to display shortcut-menu.

Resuming ALIGN command.

Specify first source point: 
Checking 741 intersections... 
Specify first destination point: 
Checking 1176 intersections... 
Specify second source point: 

Command:  
Specify corner of window, enter a scale factor (nX or nXP), or 
[All/Center/Dynamic/Extents/Previous/Scale/Window/Object] <real time>: 

Command: 
Command: 
Press ESC or ENTER to exit, or right-click to display shortcut-menu.

Command:  
Command: *Cancel*

Command:  
Specify corner of window, enter a scale factor (nX or nXP), or 
[All/Center/Dynamic/Extents/Previous/Scale/Window/Object] <real time>: 

Command: 
Command: 
Command: _unisolateobjects 
1 object(s) unisolated.

Command: _u UNISOLATEOBJECTS GROUP 
Command: 
Command: 
Command: _mredo 
Enter number of actions or [All/Last]: 1 GROUP UNISOLATEOBJECTS 
Everything has been redone

Command: 
Command: 
Command: _qsave 
Command: 
Press ESC or ENTER to exit, or right-click to display shortcut-menu.

Command:  
Specify corner of window, enter a scale factor (nX or nXP), or 
[All/Center/Dynamic/Extents/Previous/Scale/Window/Object] <real time>: 

Command: Specify opposite corner or [Fence/WPolygon/CPolygon]: *Cancel*

Command: 
Command: 
Command: _qsave 
Command: 
Command: 
Command: _qsave 
Command: 
Command: 
Command: Specify opposite corner or [Fence/WPolygon/CPolygon]: *Cancel*

Command: 
Command: _pasteclip Substituting [simplex.shx] for [Freehand575 BT].
Specify insertion point: 
Command: Specify opposite corner or [Fence/WPolygon/CPolygon]: 
Command:  
Command:  
Specify corner of window, enter a scale factor (nX or nXP), or 
[All/Center/Dynamic/Extents/Previous/Scale/Window/Object] <real time>: 

Command: Specify opposite corner or [Fence/WPolygon/CPolygon]: 
Command: Specify opposite corner or [Fence/WPolygon/CPolygon]: 
Command: Specify opposite corner or [Fence/WPolygon/CPolygon]: 
Command: 
Command: 
Command: _scale 59 found

Specify base point: 
Too many objects selected for INTERSECT

Specify scale factor or [Copy/Reference]: 
Command: Specify opposite corner or [Fence/WPolygon/CPolygon]: *Cancel*

Command: Specify opposite corner or [Fence/WPolygon/CPolygon]: *Cancel*

Command: Specify opposite corner or [Fence/WPolygon/CPolygon]: *Cancel*

Window Lasso  Press Spacebar to cycle options
Command: Specify opposite corner or [Fence/WPolygon/CPolygon]: 
Command:  
 
** STRETCH **
Specify stretch point or [Base point/Copy/Undo/eXit]: 
Command: _u '.ACGZDRAGACTION 
Command: Specify opposite corner or [Fence/WPolygon/CPolygon]: 
Command:  
 
** STRETCH **
Specify stretch point or [Base point/Copy/Undo/eXit]: 
Command: _u '.ACGZDRAGACTION 
Command: 
Command: 
Command: _move 
Select objects: 1 found

Select objects: Specify opposite corner: 59 found (1 duplicate), 59 total

Select objects: 1 found (1 duplicate), 59 total

Select objects: 

Specify base point or [Displacement] <Displacement>: 
Checking 780 intersections... 
Specify second point or <use first point as displacement>: 
Command: 
Command: 
Command: _move 
Select objects: Specify opposite corner: 59 found

Select objects: 

Specify base point or [Displacement] <Displacement>: 
Checking 595 intersections... 
Specify second point or <use first point as displacement>: 
Command: 
Command: 
Command: _scale 
Select objects: Specify opposite corner: 59 found

Select objects: 

Specify base point: 
Specify scale factor or [Copy/Reference]: 
Command: *Cancel*

Window Lasso  Press Spacebar to cycle options
Command: Specify opposite corner or [Fence/WPolygon/CPolygon]: 
Command: *Cancel*

Command: Specify opposite corner or [Fence/WPolygon/CPolygon]: *Cancel*

Command: Specify opposite corner or [Fence/WPolygon/CPolygon]: *Cancel*

Command: '_pan 
Command: *Cancel*

Command: Specify opposite corner or [Fence/WPolygon/CPolygon]: *Cancel*

Command: *Cancel*

Command: 
Command: 
Command: _qsave 
Command: 
Command: 
Command: _qsave 
Command: 
Command: 
Command: _qsave 
Command: Specify opposite corner or [Fence/WPolygon/CPolygon]: *Cancel*

Command: 
Command: _qsave 
Command: 
